#
# A fatal error has been detected by the Java Runtime Environment:
#
#  Internal Error (vmThread.cpp:659), pid=343646, tid=0x00007f662eeee700
#  fatal error: Nested VM operation CollectForMetadataAllocation requested by operation ChangeBreakpoints
#
# JRE version: Java(TM) SE Runtime Environment (8.0_261-b12) (build 1.8.0_261-b12)
# Java VM: Java HotSpot(TM) 64-Bit Server VM (25.261-b12 mixed mode linux-amd64 compressed oops)
# Failed to write core dump. Core dumps have been disabled. To enable core dumping, try "ulimit -c unlimited" before starting Java again
#
# If you would like to submit a bug report, please visit:
#   http://bugreport.java.com/bugreport/crash.jsp
#

---------------  T H R E A D  ---------------

Current thread (0x00007f66681d0000):  VMThread [stack: 0x00007f662edef000,0x00007f662eeef000] [id=343662]

Stack: [0x00007f662edef000,0x00007f662eeef000],  sp=0x00007f662eeed510,  free space=1017k
Native frames: (J=compiled Java code, j=interpreted, Vv=VM code, C=native code)
V  [libjvm.so+0xadd805]  VMError::report_and_die()+0x2e5
V  [libjvm.so+0x4e29c4]  report_fatal(char const*, int, char const*)+0x54
V  [libjvm.so+0xae2477]  VMThread::execute(VM_Operation*)+0x397
V  [libjvm.so+0x4629ce]  CollectorPolicy::satisfy_failed_metadata_allocation(ClassLoaderData*, unsigned long, Metaspace::MetadataType)+0xbe
V  [libjvm.so+0x8930d6]  Metaspace::allocate(ClassLoaderData*, unsigned long, bool, MetaspaceObj::Type, Thread*)+0x296
V  [libjvm.so+0x8aaf86]  MethodCounters::allocate(ClassLoaderData*, Thread*)+0x26
V  [libjvm.so+0x89c3e1]  Method::build_method_counters(Method*, Thread*)+0x41
V  [libjvm.so+0x8a3603]  Method::set_breakpoint(int)+0x393
V  [libjvm.so+0x787bec]  JvmtiBreakpoint::each_method_version_do(void (Method::*)(int))+0x3c
V  [libjvm.so+0xae45a6]  VM_Operation::evaluate()+0x46
V  [libjvm.so+0xae28dd]  VMThread::evaluate_operation(VM_Operation*) [clone .constprop.44]+0xcd
V  [libjvm.so+0xae2ec3]  VMThread::loop()+0x3a3
V  [libjvm.so+0xae3298]  VMThread::run()+0x78
V  [libjvm.so+0x914d12]  java_start(Thread*)+0x102

VM_Operation (0x00007f662e8e4900): ChangeBreakpoints, mode: safepoint, requested by thread 0x00007f666821e800


---------------  P R O C E S S  ---------------

Java Threads: ( => current thread )
  0x00007f65f654c000 JavaThread "container-0" [_thread_blocked, id=344308, stack(0x00007f65e7b99000,0x00007f65e7c9a000)]
  0x00007f65dc003800 JavaThread "Catalina-utility-2" [_thread_blocked, id=344307, stack(0x00007f65ec0b0000,0x00007f65ec1b1000)]
  0x00007f65f6540000 JavaThread "Catalina-utility-1" [_thread_blocked, id=344306, stack(0x00007f65ec3fd000,0x00007f65ec4fe000)]
  0x00007f65f4766800 JavaThread "HikariPool-1 housekeeper" daemon [_thread_blocked, id=344303, stack(0x00007f662c0fc000,0x00007f662c1fd000)]
  0x00007f65f5595000 JavaThread "mysql-cj-abandoned-connection-cleanup" daemon [_thread_blocked, id=344291, stack(0x00007f662cec7000,0x00007f662cfc8000)]
  0x00007f65f0004800 JavaThread "restartedMain" [_thread_blocked, id=343710, stack(0x00007f662d7fb000,0x00007f662d8fc000)]
  0x00007f6668a48800 JavaThread "Thread-0" [_thread_blocked, id=343709, stack(0x00007f662d8fc000,0x00007f662d9fd000)]
  0x00007f6668762000 JavaThread "Service Thread" daemon [_thread_blocked, id=343697, stack(0x00007f662dcfe000,0x00007f662ddff000)]
  0x00007f666874c800 JavaThread "C1 CompilerThread3" daemon [_thread_blocked, id=343696, stack(0x00007f662de00000,0x00007f662df00000)]
  0x00007f666874a800 JavaThread "C2 CompilerThread2" daemon [_thread_blocked, id=343695, stack(0x00007f662df01000,0x00007f662e001000)]
  0x00007f6668748000 JavaThread "C2 CompilerThread1" daemon [_thread_blocked, id=343694, stack(0x00007f662e002000,0x00007f662e102000)]
  0x00007f6668747000 JavaThread "C2 CompilerThread0" daemon [_thread_in_native, id=343693, stack(0x00007f662e103000,0x00007f662e203000)]
  0x00007f661c001800 JavaThread "JDWP Command Reader" daemon [_thread_in_native, id=343671, stack(0x00007f662e5e3000,0x00007f662e6e4000)]
  0x00007f6668222000 JavaThread "JDWP Event Helper Thread" daemon [_thread_blocked, id=343670, stack(0x00007f662e6e4000,0x00007f662e7e5000)]
  0x00007f666821e800 JavaThread "JDWP Transport Listener: dt_socket" daemon [_thread_blocked, id=343667, stack(0x00007f662e7e5000,0x00007f662e8e6000)]
  0x00007f666820d800 JavaThread "Signal Dispatcher" daemon [_thread_blocked, id=343665, stack(0x00007f662eaeb000,0x00007f662ebec000)]
  0x00007f66681de000 JavaThread "Finalizer" daemon [_thread_blocked, id=343664, stack(0x00007f662ebec000,0x00007f662eced000)]
  0x00007f66681d9800 JavaThread "Reference Handler" daemon [_thread_blocked, id=343663, stack(0x00007f662eced000,0x00007f662edee000)]
  0x00007f6668012800 JavaThread "main" [_thread_blocked, id=343653, stack(0x00007f666f5c3000,0x00007f666f6c3000)]

Other Threads:
=>0x00007f66681d0000 VMThread [stack: 0x00007f662edef000,0x00007f662eeef000] [id=343662]
  0x00007f6668765000 WatcherThread [stack: 0x00007f662dbfe000,0x00007f662dcfe000] [id=343698]

VM state:at safepoint (normal execution)

VM Mutex/Monitor currently owned by a thread:  ([mutex/lock_event])
[0x00007f66680063b0] Threads_lock - owner thread: 0x00007f66681d0000

heap address: 0x00000006c7400000, size: 3980 MB, Compressed Oops mode: Zero based, Oop shift amount: 3
Narrow klass base: 0x0000000000000000, Narrow klass shift: 3
Compressed class space size: 1073741824 Address: 0x00000007c0000000

Heap:
 PSYoungGen      total 328192K, used 246451K [0x000000076d180000, 0x0000000782b80000, 0x00000007c0000000)
  eden space 316928K, 74% used [0x000000076d180000,0x000000077b72df38,0x0000000780700000)
  from space 11264K, 99% used [0x0000000782080000,0x0000000782b7efb0,0x0000000782b80000)
  to   space 13312K, 0% used [0x0000000781180000,0x0000000781180000,0x0000000781e80000)
 ParOldGen       total 137728K, used 15136K [0x00000006c7400000, 0x00000006cfa80000, 0x000000076d180000)
  object space 137728K, 10% used [0x00000006c7400000,0x00000006c82c8100,0x00000006cfa80000)
 Metaspace       used 56201K, capacity 58856K, committed 59008K, reserved 1099776K
  class space    used 7482K, capacity 7957K, committed 8064K, reserved 1048576K

Card table byte_map: [0x00007f666d81c000,0x00007f666dfe3000] byte_map_base: 0x00007f666a1e2000

Marking Bits: (ParMarkBitMap*) 0x00007f66707ea0c0
 Begin Bits: [0x00007f66443a0000, 0x00007f66481d0000)
 End Bits:   [0x00007f66481d0000, 0x00007f664c000000)

Polling page: 0x00007f6670c8a000

CodeCache: size=245760Kb used=16415Kb max_used=16538Kb free=229344Kb
 bounds [0x00007f6659000000, 0x00007f665a040000, 0x00007f6668000000]
 total_blobs=4903 nmethods=4379 adapters=444
 compilation: enabled

Compilation events (10 events):
Event: 36.177 Thread 0x00007f666874c800 4940       3       java.util.LinkedHashMap$LinkedValueIterator::next (8 bytes)
Event: 36.178 Thread 0x00007f666874c800 nmethod 4940 0x00007f6659ff3810 code [0x00007f6659ff3980, 0x00007f6659ff3ba8]
Event: 36.186 Thread 0x00007f666874c800 4943       1       org.springframework.beans.factory.InjectionPoint::getMethodParameter (5 bytes)
Event: 36.187 Thread 0x00007f666874c800 nmethod 4943 0x00007f6659142f10 code [0x00007f6659143060, 0x00007f6659143170]
Event: 36.191 Thread 0x00007f666874a800 nmethod 4938 0x00007f665a003650 code [0x00007f665a003800, 0x00007f665a003d18]
Event: 36.192 Thread 0x00007f666874a800 4941       4       org.springframework.aop.framework.autoproxy.AbstractAutoProxyCreator::predictBeanType (35 bytes)
Event: 36.201 Thread 0x00007f666874a800 nmethod 4941 0x00007f665a0041d0 code [0x00007f665a004320, 0x00007f665a004478]
Event: 36.207 Thread 0x00007f666874a800 4942       4       java.util.IdentityHashMap::nextKeyIndex (15 bytes)
Event: 36.209 Thread 0x00007f666874a800 nmethod 4942 0x00007f6659e153d0 code [0x00007f6659e15500, 0x00007f6659e15558]
Event: 36.210 Thread 0x00007f666874a800 4600       4       org.eclipse.jdt.launching.internal.org.objectweb.asm.ClassReader::readVerificationTypeInfo (184 bytes)

GC Heap History (10 events):
Event: 11.811 GC heap before
{Heap before GC invocations=6 (full 1):
 PSYoungGen      total 139264K, used 129024K [0x000000076d180000, 0x0000000776380000, 0x00000007c0000000)
  eden space 129024K, 100% used [0x000000076d180000,0x0000000774f80000,0x0000000774f80000)
  from space 10240K, 0% used [0x0000000775980000,0x0000000775980000,0x0000000776380000)
  to   space 10240K, 0% used [0x0000000774f80000,0x0000000774f80000,0x0000000775980000)
 ParOldGen       total 92160K, used 7539K [0x00000006c7400000, 0x00000006cce00000, 0x000000076d180000)
  object space 92160K, 8% used [0x00000006c7400000,0x00000006c7b5ced8,0x00000006cce00000)
 Metaspace       used 25301K, capacity 26050K, committed 26368K, reserved 1073152K
  class space    used 3048K, capacity 3262K, committed 3328K, reserved 1048576K
Event: 11.849 GC heap after
Heap after GC invocations=6 (full 1):
 PSYoungGen      total 139264K, used 7081K [0x000000076d180000, 0x000000077b500000, 0x00000007c0000000)
  eden space 129024K, 0% used [0x000000076d180000,0x000000076d180000,0x0000000774f80000)
  from space 10240K, 69% used [0x0000000774f80000,0x000000077566a5b0,0x0000000775980000)
  to   space 9728K, 0% used [0x000000077ab80000,0x000000077ab80000,0x000000077b500000)
 ParOldGen       total 92160K, used 7547K [0x00000006c7400000, 0x00000006cce00000, 0x000000076d180000)
  object space 92160K, 8% used [0x00000006c7400000,0x00000006c7b5eed8,0x00000006cce00000)
 Metaspace       used 25301K, capacity 26050K, committed 26368K, reserved 1073152K
  class space    used 3048K, capacity 3262K, committed 3328K, reserved 1048576K
}
Event: 16.883 GC heap before
{Heap before GC invocations=7 (full 1):
 PSYoungGen      total 139264K, used 136105K [0x000000076d180000, 0x000000077b500000, 0x00000007c0000000)
  eden space 129024K, 100% used [0x000000076d180000,0x0000000774f80000,0x0000000774f80000)
  from space 10240K, 69% used [0x0000000774f80000,0x000000077566a5b0,0x0000000775980000)
  to   space 9728K, 0% used [0x000000077ab80000,0x000000077ab80000,0x000000077b500000)
 ParOldGen       total 92160K, used 7547K [0x00000006c7400000, 0x00000006cce00000, 0x000000076d180000)
  object space 92160K, 8% used [0x00000006c7400000,0x00000006c7b5eed8,0x00000006cce00000)
 Metaspace       used 30708K, capacity 32014K, committed 32256K, reserved 1077248K
  class space    used 3793K, capacity 4032K, committed 4096K, reserved 1048576K
Event: 16.936 GC heap after
Heap after GC invocations=7 (full 1):
 PSYoungGen      total 217088K, used 9700K [0x000000076d180000, 0x000000077b500000, 0x00000007c0000000)
  eden space 207360K, 0% used [0x000000076d180000,0x000000076d180000,0x0000000779c00000)
  from space 9728K, 99% used [0x000000077ab80000,0x000000077b4f9200,0x000000077b500000)
  to   space 11264K, 0% used [0x0000000779f00000,0x0000000779f00000,0x000000077aa00000)
 ParOldGen       total 92160K, used 8430K [0x00000006c7400000, 0x00000006cce00000, 0x000000076d180000)
  object space 92160K, 9% used [0x00000006c7400000,0x00000006c7c3bbe0,0x00000006cce00000)
 Metaspace       used 30708K, capacity 32014K, committed 32256K, reserved 1077248K
  class space    used 3793K, capacity 4032K, committed 4096K, reserved 1048576K
}
Event: 19.105 GC heap before
{Heap before GC invocations=8 (full 1):
 PSYoungGen      total 217088K, used 87823K [0x000000076d180000, 0x000000077b500000, 0x00000007c0000000)
  eden space 207360K, 37% used [0x000000076d180000,0x0000000771dcaa10,0x0000000779c00000)
  from space 9728K, 99% used [0x000000077ab80000,0x000000077b4f9200,0x000000077b500000)
  to   space 11264K, 0% used [0x0000000779f00000,0x0000000779f00000,0x000000077aa00000)
 ParOldGen       total 92160K, used 8430K [0x00000006c7400000, 0x00000006cce00000, 0x000000076d180000)
  object space 92160K, 9% used [0x00000006c7400000,0x00000006c7c3bbe0,0x00000006cce00000)
 Metaspace       used 33497K, capacity 35260K, committed 35416K, reserved 1081344K
  class space    used 4177K, capacity 4513K, committed 4608K, reserved 1048576K
Event: 19.165 GC heap after
Heap after GC invocations=8 (full 1):
 PSYoungGen      total 221696K, used 9062K [0x000000076d180000, 0x0000000782b80000, 0x00000007c0000000)
  eden space 210432K, 0% used [0x000000076d180000,0x000000076d180000,0x0000000779f00000)
  from space 11264K, 80% used [0x0000000779f00000,0x000000077a7d9820,0x000000077aa00000)
  to   space 11264K, 0% used [0x0000000782080000,0x0000000782080000,0x0000000782b80000)
 ParOldGen       total 92160K, used 8438K [0x00000006c7400000, 0x00000006cce00000, 0x000000076d180000)
  object space 92160K, 9% used [0x00000006c7400000,0x00000006c7c3dbe0,0x00000006cce00000)
 Metaspace       used 33497K, capacity 35260K, committed 35416K, reserved 1081344K
  class space    used 4177K, capacity 4513K, committed 4608K, reserved 1048576K
}
Event: 19.165 GC heap before
{Heap before GC invocations=9 (full 2):
 PSYoungGen      total 221696K, used 9062K [0x000000076d180000, 0x0000000782b80000, 0x00000007c0000000)
  eden space 210432K, 0% used [0x000000076d180000,0x000000076d180000,0x0000000779f00000)
  from space 11264K, 80% used [0x0000000779f00000,0x000000077a7d9820,0x000000077aa00000)
  to   space 11264K, 0% used [0x0000000782080000,0x0000000782080000,0x0000000782b80000)
 ParOldGen       total 92160K, used 8438K [0x00000006c7400000, 0x00000006cce00000, 0x000000076d180000)
  object space 92160K, 9% used [0x00000006c7400000,0x00000006c7c3dbe0,0x00000006cce00000)
 Metaspace       used 33497K, capacity 35260K, committed 35416K, reserved 1081344K
  class space    used 4177K, capacity 4513K, committed 4608K, reserved 1048576K
Event: 19.460 GC heap after
Heap after GC invocations=9 (full 2):
 PSYoungGen      total 221696K, used 0K [0x000000076d180000, 0x0000000782b80000, 0x00000007c0000000)
  eden space 210432K, 0% used [0x000000076d180000,0x000000076d180000,0x0000000779f00000)
  from space 11264K, 0% used [0x0000000779f00000,0x0000000779f00000,0x000000077aa00000)
  to   space 11264K, 0% used [0x0000000782080000,0x0000000782080000,0x0000000782b80000)
 ParOldGen       total 137728K, used 13938K [0x00000006c7400000, 0x00000006cfa80000, 0x000000076d180000)
  object space 137728K, 10% used [0x00000006c7400000,0x00000006c819c918,0x00000006cfa80000)
 Metaspace       used 33497K, capacity 35260K, committed 35416K, reserved 1081344K
  class space    used 4177K, capacity 4513K, committed 4608K, reserved 1048576K
}
Event: 26.359 GC heap before
{Heap before GC invocations=10 (full 2):
 PSYoungGen      total 221696K, used 210432K [0x000000076d180000, 0x0000000782b80000, 0x00000007c0000000)
  eden space 210432K, 100% used [0x000000076d180000,0x0000000779f00000,0x0000000779f00000)
  from space 11264K, 0% used [0x0000000779f00000,0x0000000779f00000,0x000000077aa00000)
  to   space 11264K, 0% used [0x0000000782080000,0x0000000782080000,0x0000000782b80000)
 ParOldGen       total 137728K, used 13938K [0x00000006c7400000, 0x00000006cfa80000, 0x000000076d180000)
  object space 137728K, 10% used [0x00000006c7400000,0x00000006c819c918,0x00000006cfa80000)
 Metaspace       used 44277K, capacity 46344K, committed 46592K, reserved 1089536K
  class space    used 5678K, capacity 6061K, committed 6144K, reserved 1048576K
Event: 26.439 GC heap after
Heap after GC invocations=10 (full 2):
 PSYoungGen      total 328192K, used 11259K [0x000000076d180000, 0x0000000782b80000, 0x00000007c0000000)
  eden space 316928K, 0% used [0x000000076d180000,0x000000076d180000,0x0000000780700000)
  from space 11264K, 99% used [0x0000000782080000,0x0000000782b7efb0,0x0000000782b80000)
  to   space 13312K, 0% used [0x0000000781180000,0x0000000781180000,0x0000000781e80000)
 ParOldGen       total 137728K, used 15136K [0x00000006c7400000, 0x00000006cfa80000, 0x000000076d180000)
  object space 137728K, 10% used [0x00000006c7400000,0x00000006c82c8100,0x00000006cfa80000)
 Metaspace       used 44277K, capacity 46344K, committed 46592K, reserved 1089536K
  class space    used 5678K, capacity 6061K, committed 6144K, reserved 1048576K
}

Deoptimization events (10 events):
Event: 36.003 Thread 0x00007f65f0004800 Uncommon trap: reason=range_check action=none pc=0x00007f665934bfec method=sun.reflect.generics.parser.SignatureParser.current()C @ 34
Event: 36.031 Thread 0x00007f65f0004800 Uncommon trap: reason=range_check action=none pc=0x00007f665934bfec method=sun.reflect.generics.parser.SignatureParser.current()C @ 34
Event: 36.161 Thread 0x00007f65f0004800 Uncommon trap: reason=unhandled action=none pc=0x00007f6659b3011c method=java.net.URLClassLoader.findClass(Ljava/lang/String;)Ljava/lang/Class; @ 44
Event: 36.161 Thread 0x00007f65f0004800 Uncommon trap: reason=unhandled action=none pc=0x00007f6659b3011c method=java.net.URLClassLoader.findClass(Ljava/lang/String;)Ljava/lang/Class; @ 44
Event: 36.162 Thread 0x00007f65f0004800 Uncommon trap: reason=unhandled action=none pc=0x00007f6659b3011c method=java.net.URLClassLoader.findClass(Ljava/lang/String;)Ljava/lang/Class; @ 44
Event: 36.162 Thread 0x00007f65f0004800 Uncommon trap: reason=unhandled action=none pc=0x00007f6659b3011c method=java.net.URLClassLoader.findClass(Ljava/lang/String;)Ljava/lang/Class; @ 44
Event: 36.163 Thread 0x00007f65f0004800 Uncommon trap: reason=unhandled action=none pc=0x00007f6659b3011c method=java.net.URLClassLoader.findClass(Ljava/lang/String;)Ljava/lang/Class; @ 44
Event: 36.163 Thread 0x00007f65f0004800 Uncommon trap: reason=unhandled action=none pc=0x00007f6659b3011c method=java.net.URLClassLoader.findClass(Ljava/lang/String;)Ljava/lang/Class; @ 44
Event: 36.183 Thread 0x00007f65f0004800 Uncommon trap: reason=unhandled action=none pc=0x00007f6659b3011c method=java.net.URLClassLoader.findClass(Ljava/lang/String;)Ljava/lang/Class; @ 44
Event: 36.190 Thread 0x00007f65f0004800 Uncommon trap: reason=unhandled action=none pc=0x00007f6659b3011c method=java.net.URLClassLoader.findClass(Ljava/lang/String;)Ljava/lang/Class; @ 44

Classes redefined (0 events):
No events

Internal exceptions (10 events):
Event: 35.225 Thread 0x00007f65f0004800 Exception <a 'java/lang/NoSuchMethodError': java.lang.Object.lambda$direct$1(Lorg/springframework/data/repository/core/support/MethodLookup$MethodPredicate;)Ljava/util/List;> (0x000000077a5072f8) thrown at [/scratch/jenkins/workspace/8-2-build-linux-amd64
Event: 35.235 Thread 0x00007f65f0004800 Exception <a 'java/lang/NoSuchMethodError': java.lang.Object.lambda$and$0(Lorg/springframework/data/repository/core/support/MethodLookup;)Ljava/util/List;> (0x000000077a532388) thrown at [/scratch/jenkins/workspace/8-2-build-linux-amd64/jdk8u261/295/hotsp
Event: 35.277 Thread 0x00007f65f0004800 Exception <a 'java/lang/IncompatibleClassChangeError': Found class java.lang.Object, but interface was expected> (0x000000077a6453d8) thrown at [/scratch/jenkins/workspace/8-2-build-linux-amd64/jdk8u261/295/hotspot/src/share/vm/interpreter/linkResolver.cp
Event: 35.524 Thread 0x00007f65f0004800 Exception <a 'java/lang/ArrayIndexOutOfBoundsException': 129> (0x000000077ab05ac8) thrown at [/scratch/jenkins/workspace/8-2-build-linux-amd64/jdk8u261/295/hotspot/src/share/vm/interpreter/interpreterRuntime.cpp, line 368]
Event: 35.858 Thread 0x00007f65f0004800 Exception <a 'java/lang/ArrayIndexOutOfBoundsException': 151> (0x000000077b1e0180) thrown at [/scratch/jenkins/workspace/8-2-build-linux-amd64/jdk8u261/295/hotspot/src/share/vm/interpreter/interpreterRuntime.cpp, line 368]
Event: 35.858 Thread 0x00007f65f0004800 Exception <a 'java/lang/ArrayIndexOutOfBoundsException': 82> (0x000000077b1e16c0) thrown at [/scratch/jenkins/workspace/8-2-build-linux-amd64/jdk8u261/295/hotspot/src/share/vm/interpreter/interpreterRuntime.cpp, line 368]
Event: 35.950 Thread 0x00007f65f0004800 Exception <a 'java/lang/ClassNotFoundException': java/lang/ObjectCustomizer> (0x000000077b2ea0e0) thrown at [/scratch/jenkins/workspace/8-2-build-linux-amd64/jdk8u261/295/hotspot/src/share/vm/classfile/systemDictionary.cpp, line 210]
Event: 35.955 Thread 0x00007f65f0004800 Exception <a 'java/lang/ClassNotFoundException': com/springcar/app/models/entity/CarMakeCustomizer> (0x000000077b307868) thrown at [/scratch/jenkins/workspace/8-2-build-linux-amd64/jdk8u261/295/hotspot/src/share/vm/classfile/systemDictionary.cpp, line 210
Event: 36.004 Thread 0x00007f65f0004800 Exception <a 'java/lang/ArrayIndexOutOfBoundsException': 119> (0x000000077b3a5550) thrown at [/scratch/jenkins/workspace/8-2-build-linux-amd64/jdk8u261/295/hotspot/src/share/vm/interpreter/interpreterRuntime.cpp, line 368]
Event: 36.031 Thread 0x00007f65f0004800 Exception <a 'java/lang/ArrayIndexOutOfBoundsException': 83> (0x000000077b3bfe00) thrown at [/scratch/jenkins/workspace/8-2-build-linux-amd64/jdk8u261/295/hotspot/src/share/vm/interpreter/interpreterRuntime.cpp, line 368]

Events (10 events):
Event: 36.201 Executing VM operation: ChangeBreakpoints done
Event: 36.202 Executing VM operation: ChangeBreakpoints
Event: 36.206 Executing VM operation: ChangeBreakpoints done
Event: 36.206 Thread 0x00007f666874a800 flushing nmethod 0x00007f6659414f50
Event: 36.206 Thread 0x00007f666874a800 flushing nmethod 0x00007f665941ed90
Event: 36.206 Thread 0x00007f666874a800 flushing nmethod 0x00007f665944d550
Event: 36.207 Thread 0x00007f666874a800 flushing nmethod 0x00007f6659473950
Event: 36.209 Thread 0x00007f666874a800 flushing nmethod 0x00007f665948c310
Event: 36.209 Thread 0x00007f666874a800 flushing nmethod 0x00007f6659493090
Event: 36.219 Executing VM operation: ChangeBreakpoints


Dynamic libraries:
6c7400000-6cfa80000 rw-p 00000000 00:00 0 
6cfa80000-76d180000 ---p 00000000 00:00 0 
76d180000-782b80000 rw-p 00000000 00:00 0 
782b80000-7c0000000 ---p 00000000 00:00 0 
7c0000000-7c07e0000 rw-p 00000000 00:00 0 
7c07e0000-800000000 ---p 00000000 00:00 0 
55a9d469e000-55a9d469f000 r-xp 00000000 08:02 18357662                   /home/rahil78626/jdk1.8.0_261/bin/java
55a9d489e000-55a9d489f000 r--p 00000000 08:02 18357662                   /home/rahil78626/jdk1.8.0_261/bin/java
55a9d489f000-55a9d48a0000 rw-p 00001000 08:02 18357662                   /home/rahil78626/jdk1.8.0_261/bin/java
55a9d531a000-55a9d533b000 rw-p 00000000 00:00 0                          [heap]
7f65d0000000-7f65d0021000 rw-p 00000000 00:00 0 
7f65d0021000-7f65d4000000 ---p 00000000 00:00 0 
7f65d4000000-7f65d4021000 rw-p 00000000 00:00 0 
7f65d4021000-7f65d8000000 ---p 00000000 00:00 0 
7f65d8000000-7f65d8021000 rw-p 00000000 00:00 0 
7f65d8021000-7f65dc000000 ---p 00000000 00:00 0 
7f65dc000000-7f65dc021000 rw-p 00000000 00:00 0 
7f65dc021000-7f65e0000000 ---p 00000000 00:00 0 
7f65e0000000-7f65e0021000 rw-p 00000000 00:00 0 
7f65e0021000-7f65e4000000 ---p 00000000 00:00 0 
7f65e6f99000-7f65e7159000 rw-p 00000000 00:00 0 
7f65e7159000-7f65e7199000 ---p 00000000 00:00 0 
7f65e7199000-7f65e7399000 rw-p 00000000 00:00 0 
7f65e7399000-7f65e7599000 rw-p 00000000 00:00 0 
7f65e7599000-7f65e7799000 rw-p 00000000 00:00 0 
7f65e7799000-7f65e7999000 rw-p 00000000 00:00 0 
7f65e7999000-7f65e7b99000 rw-p 00000000 00:00 0 
7f65e7b99000-7f65e7b9c000 ---p 00000000 00:00 0 
7f65e7b9c000-7f65e7c9a000 rw-p 00000000 00:00 0 
7f65e7e00000-7f65e8000000 rw-p 00000000 00:00 0 
7f65e8000000-7f65e881b000 rw-p 00000000 00:00 0 
7f65e881b000-7f65ec000000 ---p 00000000 00:00 0 
7f65ec0b0000-7f65ec0b3000 ---p 00000000 00:00 0 
7f65ec0b3000-7f65ec3b1000 rw-p 00000000 00:00 0 
7f65ec3fd000-7f65ec400000 ---p 00000000 00:00 0 
7f65ec400000-7f65ec6fe000 rw-p 00000000 00:00 0 
7f65ec6fe000-7f65ec701000 ---p 00000000 00:00 0 
7f65ec701000-7f65ec9ff000 rw-p 00000000 00:00 0 
7f65ec9ff000-7f65ecbff000 rw-p 00000000 00:00 0 
7f65ecbff000-7f65ecdff000 rw-p 00000000 00:00 0 
7f65ecdff000-7f65ecfff000 rw-p 00000000 00:00 0 
7f65ecfff000-7f65f0000000 rw-p 00000000 00:00 0 
7f65f0000000-7f65f0021000 rw-p 00000000 00:00 0 
7f65f0021000-7f65f4000000 ---p 00000000 00:00 0 
7f65f4000000-7f65f6845000 rw-p 00000000 00:00 0 
7f65f6845000-7f65f8000000 ---p 00000000 00:00 0 
7f65f8000000-7f65f8021000 rw-p 00000000 00:00 0 
7f65f8021000-7f65fc000000 ---p 00000000 00:00 0 
7f65fc000000-7f65fc021000 rw-p 00000000 00:00 0 
7f65fc021000-7f6600000000 ---p 00000000 00:00 0 
7f6600000000-7f660294f000 rw-p 00000000 00:00 0 
7f660294f000-7f6604000000 ---p 00000000 00:00 0 
7f6604000000-7f660512c000 rw-p 00000000 00:00 0 
7f660512c000-7f6608000000 ---p 00000000 00:00 0 
7f6608000000-7f660a845000 rw-p 00000000 00:00 0 
7f660a845000-7f660c000000 ---p 00000000 00:00 0 
7f660c000000-7f660f24c000 rw-p 00000000 00:00 0 
7f660f24c000-7f6610000000 ---p 00000000 00:00 0 
7f6610000000-7f6610021000 rw-p 00000000 00:00 0 
7f6610021000-7f6614000000 ---p 00000000 00:00 0 
7f6614000000-7f6614021000 rw-p 00000000 00:00 0 
7f6614021000-7f6618000000 ---p 00000000 00:00 0 
7f6618000000-7f6618021000 rw-p 00000000 00:00 0 
7f6618021000-7f661c000000 ---p 00000000 00:00 0 
7f661c000000-7f661c021000 rw-p 00000000 00:00 0 
7f661c021000-7f6620000000 ---p 00000000 00:00 0 
7f6620000000-7f6620021000 rw-p 00000000 00:00 0 
7f6620021000-7f6624000000 ---p 00000000 00:00 0 
7f6624000000-7f6624021000 rw-p 00000000 00:00 0 
7f6624021000-7f6628000000 ---p 00000000 00:00 0 
7f6628000000-7f66282ef000 rw-p 00000000 00:00 0 
7f66282ef000-7f662c000000 ---p 00000000 00:00 0 
7f662c0fc000-7f662c0ff000 ---p 00000000 00:00 0 
7f662c0ff000-7f662c3fd000 rw-p 00000000 00:00 0 
7f662c3fd000-7f662c5fd000 rw-p 00000000 00:00 0 
7f662c5fd000-7f662c7fd000 rw-p 00000000 00:00 0 
7f662c82c000-7f662c831000 r--s 002f9000 08:02 13242820                   /home/rahil78626/jdk1.8.0_261/jre/lib/charsets.jar
7f662c831000-7f662ca31000 rw-p 00000000 00:00 0 
7f662ca31000-7f662cc31000 rw-p 00000000 00:00 0 
7f662cc31000-7f662ccc7000 r--s 0110e000 08:02 13373204                   /home/rahil78626/jdk1.8.0_261/jre/lib/ext/jfxrt.jar
7f662ccc7000-7f662cec7000 rw-p 00000000 00:00 0 
7f662cec7000-7f662ceca000 ---p 00000000 00:00 0 
7f662ceca000-7f662cfc8000 rw-p 00000000 00:00 0 
7f662cfc8000-7f662cfd1000 r-xp 00000000 08:02 17960508                   /home/rahil78626/jdk1.8.0_261/jre/lib/amd64/libmanagement.so
7f662cfd1000-7f662d1d0000 ---p 00009000 08:02 17960508                   /home/rahil78626/jdk1.8.0_261/jre/lib/amd64/libmanagement.so
7f662d1d0000-7f662d1d1000 r--p 00008000 08:02 17960508                   /home/rahil78626/jdk1.8.0_261/jre/lib/amd64/libmanagement.so
7f662d1d1000-7f662d1d2000 rw-p 00009000 08:02 17960508                   /home/rahil78626/jdk1.8.0_261/jre/lib/amd64/libmanagement.so
7f662d1d2000-7f662d1e8000 r-xp 00000000 08:02 17960612                   /home/rahil78626/jdk1.8.0_261/jre/lib/amd64/libnet.so
7f662d1e8000-7f662d3e7000 ---p 00016000 08:02 17960612                   /home/rahil78626/jdk1.8.0_261/jre/lib/amd64/libnet.so
7f662d3e7000-7f662d3e8000 r--p 00015000 08:02 17960612                   /home/rahil78626/jdk1.8.0_261/jre/lib/amd64/libnet.so
7f662d3e8000-7f662d3e9000 rw-p 00016000 08:02 17960612                   /home/rahil78626/jdk1.8.0_261/jre/lib/amd64/libnet.so
7f662d3e9000-7f662d3fa000 r-xp 00000000 08:02 17959869                   /home/rahil78626/jdk1.8.0_261/jre/lib/amd64/libnio.so
7f662d3fa000-7f662d5f9000 ---p 00011000 08:02 17959869                   /home/rahil78626/jdk1.8.0_261/jre/lib/amd64/libnio.so
7f662d5f9000-7f662d5fa000 r--p 00010000 08:02 17959869                   /home/rahil78626/jdk1.8.0_261/jre/lib/amd64/libnio.so
7f662d5fa000-7f662d5fb000 rw-p 00011000 08:02 17959869                   /home/rahil78626/jdk1.8.0_261/jre/lib/amd64/libnio.so
7f662d5fb000-7f662d7fb000 rw-p 00000000 00:00 0 
7f662d7fb000-7f662d7fe000 ---p 00000000 00:00 0 
7f662d7fe000-7f662d8fc000 rw-p 00000000 00:00 0 
7f662d8fc000-7f662d8ff000 ---p 00000000 00:00 0 
7f662d8ff000-7f662dbfd000 rw-p 00000000 00:00 0 
7f662dbfd000-7f662dbfe000 ---p 00000000 00:00 0 
7f662dbfe000-7f662dcfe000 rw-p 00000000 00:00 0 
7f662dcfe000-7f662dd01000 ---p 00000000 00:00 0 
7f662dd01000-7f662ddff000 rw-p 00000000 00:00 0 
7f662ddff000-7f662de00000 ---p 00000000 00:00 0 
7f662de00000-7f662de03000 ---p 00000000 00:00 0 
7f662de03000-7f662df00000 rw-p 00000000 00:00 0 
7f662df00000-7f662df01000 ---p 00000000 00:00 0 
7f662df01000-7f662df04000 ---p 00000000 00:00 0 
7f662df04000-7f662e001000 rw-p 00000000 00:00 0 
7f662e001000-7f662e002000 ---p 00000000 00:00 0 
7f662e002000-7f662e005000 ---p 00000000 00:00 0 
7f662e005000-7f662e102000 rw-p 00000000 00:00 0 
7f662e102000-7f662e103000 ---p 00000000 00:00 0 
7f662e103000-7f662e106000 ---p 00000000 00:00 0 
7f662e106000-7f662e203000 rw-p 00000000 00:00 0 
7f662e203000-7f662e215000 r--s 00353000 08:02 13242821                   /home/rahil78626/jdk1.8.0_261/jre/lib/resources.jar
7f662e215000-7f662e218000 r--s 0001a000 08:02 13242831                   /home/rahil78626/jdk1.8.0_261/jre/lib/jce.jar
7f662e218000-7f662e229000 r--s 001c0000 08:02 13242818                   /home/rahil78626/jdk1.8.0_261/jre/lib/jsse.jar
7f662e229000-7f662e22c000 r--s 00021000 08:02 14552382                   /home/rahil78626/Downloads/eclipse/configuration/org.eclipse.osgi/406/0/.cp/lib/javaagent-shaded.jar
7f662e22c000-7f662e244000 r--s 001c0000 08:02 22940796                   /home/rahil78626/.m2/repository/org/projectlombok/lombok/1.18.20/lombok-1.18.20.jar
7f662e244000-7f662e24c000 r--s 00078000 08:02 23206493                   /home/rahil78626/.m2/repository/org/apache/commons/commons-lang3/3.10/commons-lang3-3.10.jar
7f662e24c000-7f662e24e000 r--s 0000a000 08:02 2099585                    /home/rahil78626/.m2/repository/org/thymeleaf/extras/thymeleaf-extras-springsecurity5/3.0.4.RELEASE/thymeleaf-extras-springsecurity5-3.0.4.RELEASE.jar
7f662e24e000-7f662e252000 r--s 00015000 08:02 24253220                   /home/rahil78626/.m2/repository/com/github/virtuald/curvesapi/1.04/curvesapi-1.04.jar
7f662e252000-7f662e254000 r--s 00005000 08:02 24253218                   /home/rahil78626/.m2/repository/stax/stax-api/1.0.1/stax-api-1.0.1.jar
7f662e254000-7f662e292000 r--s 0025d000 08:02 24253216                   /home/rahil78626/.m2/repository/org/apache/xmlbeans/xmlbeans/2.6.0/xmlbeans-2.6.0.jar
7f662e292000-7f662e34d000 r--s 004ec000 08:02 24121341                   /home/rahil78626/.m2/repository/org/apache/poi/poi-ooxml-schemas/3.17/poi-ooxml-schemas-3.17.jar
7f662e34d000-7f662e360000 r--s 00157000 08:02 24121339                   /home/rahil78626/.m2/repository/org/apache/poi/poi-ooxml/3.17/poi-ooxml-3.17.jar
7f662e360000-7f662e370000 r--s 000a8000 08:02 24121336                   /home/rahil78626/.m2/repository/org/apache/commons/commons-collections4/4.1/commons-collections4-4.1.jar
7f662e370000-7f662e377000 r--s 0004e000 08:02 23206492                   /home/rahil78626/.m2/repository/commons-codec/commons-codec/1.14/commons-codec-1.14.jar
7f662e377000-7f662e3a3000 r--s 00268000 08:02 24121334                   /home/rahil78626/.m2/repository/org/apache/poi/poi/3.17/poi-3.17.jar
7f662e3a3000-7f662e3a5000 r--s 0000f000 08:02 24121332                   /home/rahil78626/.m2/repository/commons-fileupload/commons-fileupload/1.3/commons-fileupload-1.3.jar
7f662e3a5000-7f662e3a9000 r--s 00031000 08:02 18226322                   /home/rahil78626/.m2/repository/commons-io/commons-io/2.6/commons-io-2.6.jar
7f662e3a9000-7f662e3ae000 r--s 00012000 08:02 23076084                   /home/rahil78626/.m2/repository/javax/validation/validation-api/2.0.1.Final/validation-api-2.0.1.Final.jar
7f662e3ae000-7f662e3b2000 r--s 00018000 08:02 2099496                    /home/rahil78626/.m2/repository/com/fasterxml/jackson/datatype/jackson-datatype-jsr310/2.11.4/jackson-datatype-jsr310-2.11.4.jar
7f662e3b2000-7f662e3b6000 r--s 00052000 08:02 2099494                    /home/rahil78626/.m2/repository/com/fasterxml/jackson/core/jackson-core/2.11.4/jackson-core-2.11.4.jar
7f662e3b6000-7f662e3b9000 r--s 0000f000 08:02 2099570                    /home/rahil78626/.m2/repository/com/fasterxml/jackson/core/jackson-annotations/2.11.4/jackson-annotations-2.11.4.jar
7f662e3b9000-7f662e3cf000 r--s 00146000 08:02 2099490                    /home/rahil78626/.m2/repository/com/fasterxml/jackson/core/jackson-databind/2.11.4/jackson-databind-2.11.4.jar
7f662e3cf000-7f662e3d2000 r--s 00014000 08:02 23986211                   /home/rahil78626/.m2/repository/org/springframework/security/spring-security-acl/5.3.9.RELEASE/spring-security-acl-5.3.9.RELEASE.jar
7f662e3d2000-7f662e3d3000 r--s 00004000 08:02 23855215                   /home/rahil78626/.m2/repository/org/springframework/security/spring-security-taglibs/5.3.9.RELEASE/spring-security-taglibs-5.3.9.RELEASE.jar
7f662e3d3000-7f662e3e5000 r--s 000f7000 08:02 23206514                   /home/rahil78626/.m2/repository/org/springframework/security/spring-security-config/5.3.9.RELEASE/spring-security-config-5.3.9.RELEASE.jar
7f662e3e5000-7f662e3f4000 r--s 0007c000 08:02 23206513                   /home/rahil78626/.m2/repository/org/springframework/security/spring-security-web/5.3.9.RELEASE/spring-security-web-5.3.9.RELEASE.jar
7f662e3f4000-7f662e3f9000 r--s 00040000 08:02 22815426                   /home/rahil78626/.m2/repository/org/springframework/spring-expression/5.2.15.RELEASE/spring-expression-5.2.15.RELEASE.jar
7f662e3f9000-7f662e406000 r--s 00060000 08:02 23206496                   /home/rahil78626/.m2/repository/org/springframework/security/spring-security-core/5.3.9.RELEASE/spring-security-core-5.3.9.RELEASE.jar
7f662e406000-7f662e407000 r--s 00001000 08:02 23206490                   /home/rahil78626/.m2/repository/org/springframework/boot/spring-boot-starter-security/2.3.12.RELEASE/spring-boot-starter-security-2.3.12.RELEASE.jar
7f662e407000-7f662e40a000 r--s 00011000 08:02 23077719                   /home/rahil78626/.m2/repository/org/springframework/security/spring-security-crypto/5.3.9.RELEASE/spring-security-crypto-5.3.9.RELEASE.jar
7f662e40a000-7f662e424000 r--s 00237000 08:02 4332661                    /home/rahil78626/.m2/repository/mysql/mysql-connector-java/8.0.25/mysql-connector-java-8.0.25.jar
7f662e424000-7f662e425000 r--s 00000000 08:02 22942064                   /home/rahil78626/.m2/repository/org/hibernate/hibernate-entitymanager/5.3.2.Final/hibernate-entitymanager-5.3.2.Final.jar
7f662e425000-7f662e435000 r--s 000a1000 08:02 22165718                   /home/rahil78626/.m2/repository/org/hibernate/hibernate-validator/5.3.2.Final/hibernate-validator-5.3.2.Final.jar
7f662e435000-7f662e438000 r--s 00010000 08:02 22681308                   /home/rahil78626/.m2/repository/org/hibernate/common/hibernate-commons-annotations/5.0.4.Final/hibernate-commons-annotations-5.0.4.Final.jar
7f662e438000-7f662e43d000 r--s 00048000 08:02 14681758                   /home/rahil78626/.m2/repository/dom4j/dom4j/1.6.1/dom4j-1.6.1.jar
7f662e43d000-7f662e43f000 r--s 0000c000 08:02 22294333                   /home/rahil78626/.m2/repository/javax/activation/javax.activation-api/1.2.0/javax.activation-api-1.2.0.jar
7f662e43f000-7f662e441000 r--s 0000f000 08:02 2100146                    /home/rahil78626/.m2/repository/com/fasterxml/classmate/1.5.1/classmate-1.5.1.jar
7f662e441000-7f662e444000 r--s 0002b000 08:02 22554766                   /home/rahil78626/.m2/repository/org/jboss/jandex/2.0.5.Final/jandex-2.0.5.Final.jar
7f662e444000-7f662e446000 r--s 00005000 08:02 21894844                   /home/rahil78626/.m2/repository/org/jboss/spec/javax/transaction/jboss-transaction-api_1.2_spec/1.1.1.Final/jboss-transaction-api_1.2_spec-1.1.1.Final.jar
7f662e446000-7f662e44b000 r--s 00068000 08:02 14681751                   /home/rahil78626/.m2/repository/antlr/antlr/2.7.7/antlr-2.7.7.jar
7f662e44b000-7f662e496000 r--s 0030f000 08:02 2099539                    /home/rahil78626/.m2/repository/net/bytebuddy/byte-buddy/1.10.22/byte-buddy-1.10.22.jar
7f662e496000-7f662e4a0000 r--s 000ab000 08:02 1180474                    /home/rahil78626/.m2/repository/org/javassist/javassist/3.22.0-GA/javassist-3.22.0-GA.jar
7f662e4a0000-7f662e4a6000 r--s 00023000 08:02 22422292                   /home/rahil78626/.m2/repository/javax/persistence/javax.persistence-api/2.2/javax.persistence-api-2.2.jar
7f662e4a6000-7f662e4a8000 r--s 0000d000 08:02 22944482                   /home/rahil78626/.m2/repository/org/jboss/logging/jboss-logging/3.4.2.Final/jboss-logging-3.4.2.Final.jar
7f662e4a8000-7f662e52a000 r--s 0061e000 08:02 22294347                   /home/rahil78626/.m2/repository/org/hibernate/hibernate-core/5.3.2.Final/hibernate-core-5.3.2.Final.jar
7f662e52a000-7f662e533000 r--s 0005b000 08:02 22944477                   /home/rahil78626/.m2/repository/org/springframework/spring-jdbc/5.2.15.RELEASE/spring-jdbc-5.2.15.RELEASE.jar
7f662e533000-7f662e538000 r--s 0002d000 08:02 23077640                   /home/rahil78626/.m2/repository/org/springframework/spring-orm/5.2.15.RELEASE/spring-orm-5.2.15.RELEASE.jar
7f662e538000-7f662e53a000 r--s 00009000 08:02 25039183                   /home/rahil78626/.m2/repository/org/slf4j/slf4j-api/1.7.30/slf4j-api-1.7.30.jar
7f662e53a000-7f662e556000 r--s 00146000 08:02 22684352                   /home/rahil78626/.m2/repository/org/springframework/spring-core/5.2.15.RELEASE/spring-core-5.2.15.RELEASE.jar
7f662e556000-7f662e563000 r--s 0009c000 08:02 22684349                   /home/rahil78626/.m2/repository/org/springframework/spring-beans/5.2.15.RELEASE/spring-beans-5.2.15.RELEASE.jar
7f662e563000-7f662e56c000 r--s 00044000 08:02 22944479                   /home/rahil78626/.m2/repository/org/springframework/spring-tx/5.2.15.RELEASE/spring-tx-5.2.15.RELEASE.jar
7f662e56c000-7f662e587000 r--s 00112000 08:02 22684348                   /home/rahil78626/.m2/repository/org/springframework/spring-context/5.2.15.RELEASE/spring-context-5.2.15.RELEASE.jar
7f662e587000-7f662e59f000 r--s 00111000 08:02 23077635                   /home/rahil78626/.m2/repository/org/springframework/data/spring-data-commons/2.3.9.RELEASE/spring-data-commons-2.3.9.RELEASE.jar
7f662e59f000-7f662e5ca000 r--s 00141000 08:02 22815429                   /home/rahil78626/.m2/repository/org/springframework/boot/spring-boot-autoconfigure/2.3.12.RELEASE/spring-boot-autoconfigure-2.3.12.RELEASE.jar
7f662e5ca000-7f662e5e3000 r--s 000fb000 08:02 22419183                   /home/rahil78626/.m2/repository/org/springframework/boot/spring-boot/2.3.12.RELEASE/spring-boot-2.3.12.RELEASE.jar
7f662e5e3000-7f662e5e6000 ---p 00000000 00:00 0 
7f662e5e6000-7f662e6e4000 rw-p 00000000 00:00 0 
7f662e6e4000-7f662e6e7000 ---p 00000000 00:00 0 
7f662e6e7000-7f662e7e5000 rw-p 00000000 00:00 0 
7f662e7e5000-7f662e7e8000 ---p 00000000 00:00 0 
7f662e7e8000-7f662e8e6000 rw-p 00000000 00:00 0 
7f662e8e6000-7f662e8ea000 r-xp 00000000 08:02 17960593                   /home/rahil78626/jdk1.8.0_261/jre/lib/amd64/libdt_socket.so
7f662e8ea000-7f662eae9000 ---p 00004000 08:02 17960593                   /home/rahil78626/jdk1.8.0_261/jre/lib/amd64/libdt_socket.so
7f662eae9000-7f662eaea000 r--p 00003000 08:02 17960593                   /home/rahil78626/jdk1.8.0_261/jre/lib/amd64/libdt_socket.so
7f662eaea000-7f662eaeb000 rw-p 00004000 08:02 17960593                   /home/rahil78626/jdk1.8.0_261/jre/lib/amd64/libdt_socket.so
7f662eaeb000-7f662eaee000 ---p 00000000 00:00 0 
7f662eaee000-7f662ebec000 rw-p 00000000 00:00 0 
7f662ebec000-7f662ebef000 ---p 00000000 00:00 0 
7f662ebef000-7f662eced000 rw-p 00000000 00:00 0 
7f662eced000-7f662ecf0000 ---p 00000000 00:00 0 
7f662ecf0000-7f662edee000 rw-p 00000000 00:00 0 
7f662edee000-7f662edef000 ---p 00000000 00:00 0 
7f662edef000-7f6630000000 rw-p 00000000 00:00 0 
7f6630000000-7f6630021000 rw-p 00000000 00:00 0 
7f6630021000-7f6634000000 ---p 00000000 00:00 0 
7f6634000000-7f6634021000 rw-p 00000000 00:00 0 
7f6634021000-7f6638000000 ---p 00000000 00:00 0 
7f6638000000-7f6638021000 rw-p 00000000 00:00 0 
7f6638021000-7f663c000000 ---p 00000000 00:00 0 
7f663c000000-7f663c021000 rw-p 00000000 00:00 0 
7f663c021000-7f6640000000 ---p 00000000 00:00 0 
7f6640000000-7f6640021000 rw-p 00000000 00:00 0 
7f6640021000-7f6644000000 ---p 00000000 00:00 0 
7f6644000000-7f6644004000 r--s 0001a000 08:02 23206642                   /home/rahil78626/.m2/repository/org/aspectj/aspectjrt/1.9.6/aspectjrt-1.9.6.jar
7f6644004000-7f6644005000 r--s 00005000 08:02 25169248                   /home/rahil78626/.m2/repository/org/springframework/spring-jcl/5.2.15.RELEASE/spring-jcl-5.2.15.RELEASE.jar
7f6644005000-7f664400f000 r--s 00052000 08:02 22684353                   /home/rahil78626/.m2/repository/org/springframework/spring-aop/5.2.15.RELEASE/spring-aop-5.2.15.RELEASE.jar
7f664400f000-7f6644017000 r--s 00053000 08:02 23077634                   /home/rahil78626/.m2/repository/org/springframework/data/spring-data-jpa/2.3.9.RELEASE/spring-data-jpa-2.3.9.RELEASE.jar
7f6644017000-7f664401d000 r--s 00031000 08:02 5637062                    /home/rahil78626/.m2/repository/org/springframework/boot/spring-boot-devtools/2.3.12.RELEASE/spring-boot-devtools-2.3.12.RELEASE.jar
7f664401d000-7f6644032000 r--s 0021e000 08:02 25039245                   /home/rahil78626/.m2/repository/com/h2database/h2/1.4.200/h2-1.4.200.jar
7f6644032000-7f6644044000 r--s 000d8000 08:02 23077704                   /home/rahil78626/.m2/repository/org/springframework/spring-webmvc/5.2.15.RELEASE/spring-webmvc-5.2.15.RELEASE.jar
7f6644044000-7f6644060000 r--s 00145000 08:02 23077703                   /home/rahil78626/.m2/repository/org/springframework/spring-web/5.2.15.RELEASE/spring-web-5.2.15.RELEASE.jar
7f6644060000-7f6644066000 r--s 0003e000 08:02 23077654                   /home/rahil78626/.m2/repository/org/apache/tomcat/embed/tomcat-embed-websocket/9.0.46/tomcat-embed-websocket-9.0.46.jar
7f6644066000-7f664406b000 r--s 00036000 08:02 25039233                   /home/rahil78626/.m2/repository/org/glassfish/jakarta.el/3.0.3/jakarta.el-3.0.3.jar
7f664406b000-7f6644094000 r--s 00315000 08:02 23077653                   /home/rahil78626/.m2/repository/org/apache/tomcat/embed/tomcat-embed-core/9.0.46/tomcat-embed-core-9.0.46.jar
7f6644094000-7f6644095000 r--s 00001000 08:02 23077650                   /home/rahil78626/.m2/repository/org/springframework/boot/spring-boot-starter-tomcat/2.3.12.RELEASE/spring-boot-starter-tomcat-2.3.12.RELEASE.jar
7f6644095000-7f6644097000 r--s 00001000 08:02 2099498                    /home/rahil78626/.m2/repository/com/fasterxml/jackson/module/jackson-module-parameter-names/2.11.4/jackson-module-parameter-names-2.11.4.jar
7f6644097000-7f6644099000 r--s 00007000 08:02 2099481                    /home/rahil78626/.m2/repository/com/fasterxml/jackson/datatype/jackson-datatype-jdk8/2.11.4/jackson-datatype-jdk8-2.11.4.jar
7f6644099000-7f664409a000 r--s 00001000 08:02 25169246                   /home/rahil78626/.m2/repository/org/springframework/boot/spring-boot-starter-json/2.3.12.RELEASE/spring-boot-starter-json-2.3.12.RELEASE.jar
7f664409a000-7f664409d000 r--s 00028000 08:02 14682229                   /home/rahil78626/.m2/repository/org/unbescape/unbescape/1.1.6.RELEASE/unbescape-1.1.6.RELEASE.jar
7f664409d000-7f664c000000 rw-p 00000000 00:00 0 
7f664c000000-7f664c021000 rw-p 00000000 00:00 0 
7f664c021000-7f6650000000 ---p 00000000 00:00 0 
7f6650000000-7f6650021000 rw-p 00000000 00:00 0 
7f6650021000-7f6654000000 ---p 00000000 00:00 0 
7f6654000000-7f6654021000 rw-p 00000000 00:00 0 
7f6654021000-7f6658000000 ---p 00000000 00:00 0 
7f6658000000-7f6658001000 r--s 00001000 08:02 23077649                   /home/rahil78626/.m2/repository/org/springframework/boot/spring-boot-starter-web/2.3.12.RELEASE/spring-boot-starter-web-2.3.12.RELEASE.jar
7f6658001000-7f6658006000 r--s 00037000 08:02 14682228                   /home/rahil78626/.m2/repository/org/attoparser/attoparser/2.0.5.RELEASE/attoparser-2.0.5.RELEASE.jar
7f6658006000-7f665800a000 r--s 0003d000 08:02 21672188                   /home/rahil78626/.m2/repository/ognl/ognl/3.1.26/ognl-3.1.26.jar
7f665800a000-7f665801a000 r--s 000c4000 08:02 2099584                    /home/rahil78626/.m2/repository/org/thymeleaf/thymeleaf/3.0.12.RELEASE/thymeleaf-3.0.12.RELEASE.jar
7f665801a000-7f6658074000 r--s 00505000 08:02 23077648                   /home/rahil78626/.m2/repository/org/codehaus/groovy/groovy/2.5.14/groovy-2.5.14.jar
7f6658074000-7f6658075000 r--s 00001000 08:02 14682237                   /home/rahil78626/.m2/repository/nz/net/ultraq/thymeleaf/thymeleaf-expression-processor/1.1.3/thymeleaf-expression-processor-1.1.3.jar
7f6658075000-7f665807b000 r--s 00043000 08:02 14682235                   /home/rahil78626/.m2/repository/nz/net/ultraq/thymeleaf/thymeleaf-layout-dialect/2.4.1/thymeleaf-layout-dialect-2.4.1.jar
7f665807b000-7f665807c000 r--s 00009000 08:02 25039211                   /home/rahil78626/.m2/repository/org/thymeleaf/extras/thymeleaf-extras-java8time/3.0.4.RELEASE/thymeleaf-extras-java8time-3.0.4.RELEASE.jar
7f665807c000-7f6658080000 r--s 00028000 08:02 2099523                    /home/rahil78626/.m2/repository/org/thymeleaf/thymeleaf-spring5/3.0.12.RELEASE/thymeleaf-spring5-3.0.12.RELEASE.jar
7f6658080000-7f6658087000 r--s 00045000 08:02 25039207                   /home/rahil78626/.m2/repository/org/yaml/snakeyaml/1.26/snakeyaml-1.26.jar
7f6658087000-7f6658089000 r--s 00005000 08:02 25039205                   /home/rahil78626/.m2/repository/jakarta/annotation/jakarta.annotation-api/1.3.5/jakarta.annotation-api-1.3.5.jar
7f6658089000-7f665808b000 r--s 00000000 08:02 25039203                   /home/rahil78626/.m2/repository/org/slf4j/jul-to-slf4j/1.7.30/jul-to-slf4j-1.7.30.jar
7f665808b000-7f6658091000 r--s 00042000 08:02 25039201                   /home/rahil78626/.m2/repository/org/apache/logging/log4j/log4j-api/2.13.3/log4j-api-2.13.3.jar
7f6658091000-7f6658093000 r--s 00003000 08:02 25039199                   /home/rahil78626/.m2/repository/org/apache/logging/log4j/log4j-to-slf4j/2.13.3/log4j-to-slf4j-2.13.3.jar
7f6658093000-7f665809e000 r--s 00069000 08:02 25039198                   /home/rahil78626/.m2/repository/ch/qos/logback/logback-core/1.2.3/logback-core-1.2.3.jar
7f665809e000-7f66580a4000 r--s 00041000 08:02 25039197                   /home/rahil78626/.m2/repository/ch/qos/logback/logback-classic/1.2.3/logback-classic-1.2.3.jar
7f66580a4000-7f66580a5000 r--s 00001000 08:02 22815402                   /home/rahil78626/.m2/repository/org/springframework/boot/spring-boot-starter-logging/2.3.12.RELEASE/spring-boot-starter-logging-2.3.12.RELEASE.jar
7f66580a5000-7f66580a6000 r--s 00001000 08:02 22419181                   /home/rahil78626/.m2/repository/org/springframework/boot/spring-boot-starter/2.3.12.RELEASE/spring-boot-starter-2.3.12.RELEASE.jar
7f66580a6000-7f66580a7000 r--s 00001000 08:02 25169234                   /home/rahil78626/.m2/repository/org/springframework/boot/spring-boot-starter-thymeleaf/2.3.12.RELEASE/spring-boot-starter-thymeleaf-2.3.12.RELEASE.jar
7f66580a7000-7f66580a9000 r--s 0000a000 08:02 23077645                   /home/rahil78626/.m2/repository/org/springframework/spring-aspects/5.2.15.RELEASE/spring-aspects-5.2.15.RELEASE.jar
7f66580a9000-7f6659000000 rw-p 00000000 00:00 0 
7f6659000000-7f665a040000 rwxp 00000000 00:00 0 
7f665a040000-7f6668000000 ---p 00000000 00:00 0 
7f6668000000-7f6668a9a000 rw-p 00000000 00:00 0 
7f6668a9a000-7f666c000000 ---p 00000000 00:00 0 
7f666c000000-7f666c006000 r--s 00023000 08:02 2100132                    /home/rahil78626/.m2/repository/jakarta/persistence/jakarta.persistence-api/2.2.3/jakarta.persistence-api-2.2.3.jar
7f666c006000-7f666c007000 r--s 00003000 08:02 2100134                    /home/rahil78626/.m2/repository/jakarta/transaction/jakarta.transaction-api/1.3.3/jakarta.transaction-api-1.3.3.jar
7f666c007000-7f666c00b000 r--s 00023000 08:02 25039163                   /home/rahil78626/.m2/repository/com/zaxxer/HikariCP/3.4.5/HikariCP-3.4.5.jar
7f666c00b000-7f666c024000 r--s 001dc000 08:02 2099531                    /home/rahil78626/.m2/repository/org/aspectj/aspectjweaver/1.9.6/aspectjweaver-1.9.6.jar
7f666c024000-7f666c200000 r--s 03e04000 08:02 13242824                   /home/rahil78626/jdk1.8.0_261/jre/lib/rt.jar
7f666c200000-7f666cae5000 rw-p 00000000 00:00 0 
7f666cae5000-7f666cae6000 ---p 00000000 00:00 0 
7f666cae6000-7f666cbe6000 rw-p 00000000 00:00 0 
7f666cbe6000-7f666cbe7000 ---p 00000000 00:00 0 
7f666cbe7000-7f666cce7000 rw-p 00000000 00:00 0 
7f666cce7000-7f666cce8000 ---p 00000000 00:00 0 
7f666cce8000-7f666cde8000 rw-p 00000000 00:00 0 
7f666cde8000-7f666cde9000 ---p 00000000 00:00 0 
7f666cde9000-7f666cee9000 rw-p 00000000 00:00 0 
7f666cee9000-7f666ceea000 ---p 00000000 00:00 0 
7f666ceea000-7f666cfea000 rw-p 00000000 00:00 0 
7f666cfea000-7f666cfeb000 ---p 00000000 00:00 0 
7f666cfeb000-7f666d0eb000 rw-p 00000000 00:00 0 
7f666d0eb000-7f666d0ec000 ---p 00000000 00:00 0 
7f666d0ec000-7f666d1ec000 rw-p 00000000 00:00 0 
7f666d1ec000-7f666d1ed000 ---p 00000000 00:00 0 
7f666d1ed000-7f666d331000 rw-p 00000000 00:00 0 
7f666d331000-7f666d81c000 ---p 00000000 00:00 0 
7f666d81c000-7f666d860000 rw-p 00000000 00:00 0 
7f666d860000-7f666dd4a000 ---p 00000000 00:00 0 
7f666dd4a000-7f666ddf8000 rw-p 00000000 00:00 0 
7f666ddf8000-7f666dfe2000 ---p 00000000 00:00 0 
7f666dfe2000-7f666e024000 rw-p 00000000 00:00 0 
7f666e024000-7f666e3a3000 ---p 00000000 00:00 0 
7f666e3a3000-7f666e3be000 r-xp 00000000 08:02 17960580                   /home/rahil78626/jdk1.8.0_261/jre/lib/amd64/libzip.so
7f666e3be000-7f666e5bd000 ---p 0001b000 08:02 17960580                   /home/rahil78626/jdk1.8.0_261/jre/lib/amd64/libzip.so
7f666e5bd000-7f666e5be000 r--p 0001a000 08:02 17960580                   /home/rahil78626/jdk1.8.0_261/jre/lib/amd64/libzip.so
7f666e5be000-7f666e5bf000 rw-p 0001b000 08:02 17960580                   /home/rahil78626/jdk1.8.0_261/jre/lib/amd64/libzip.so
7f666e5bf000-7f666e5c9000 r-xp 00000000 08:02 17960509                   /home/rahil78626/jdk1.8.0_261/jre/lib/amd64/libinstrument.so
7f666e5c9000-7f666e7c8000 ---p 0000a000 08:02 17960509                   /home/rahil78626/jdk1.8.0_261/jre/lib/amd64/libinstrument.so
7f666e7c8000-7f666e7c9000 r--p 00009000 08:02 17960509                   /home/rahil78626/jdk1.8.0_261/jre/lib/amd64/libinstrument.so
7f666e7c9000-7f666e7ca000 rw-p 0000a000 08:02 17960509                   /home/rahil78626/jdk1.8.0_261/jre/lib/amd64/libinstrument.so
7f666e7ca000-7f666ed3a000 r--p 00000000 08:02 16909145                   /usr/lib/locale/locale-archive
7f666ed3a000-7f666ed3c000 r-xp 00000000 08:02 17960502                   /home/rahil78626/jdk1.8.0_261/jre/lib/amd64/libnpt.so
7f666ed3c000-7f666ef3c000 ---p 00002000 08:02 17960502                   /home/rahil78626/jdk1.8.0_261/jre/lib/amd64/libnpt.so
7f666ef3c000-7f666ef3d000 r--p 00002000 08:02 17960502                   /home/rahil78626/jdk1.8.0_261/jre/lib/amd64/libnpt.so
7f666ef3d000-7f666ef3e000 rw-p 00003000 08:02 17960502                   /home/rahil78626/jdk1.8.0_261/jre/lib/amd64/libnpt.so
7f666ef3e000-7f666ef78000 r-xp 00000000 08:02 17960616                   /home/rahil78626/jdk1.8.0_261/jre/lib/amd64/libjdwp.so
7f666ef78000-7f666f177000 ---p 0003a000 08:02 17960616                   /home/rahil78626/jdk1.8.0_261/jre/lib/amd64/libjdwp.so
7f666f177000-7f666f178000 r--p 00039000 08:02 17960616                   /home/rahil78626/jdk1.8.0_261/jre/lib/amd64/libjdwp.so
7f666f178000-7f666f179000 rw-p 0003a000 08:02 17960616                   /home/rahil78626/jdk1.8.0_261/jre/lib/amd64/libjdwp.so
7f666f179000-7f666f1a5000 r-xp 00000000 08:02 17960591                   /home/rahil78626/jdk1.8.0_261/jre/lib/amd64/libjava.so
7f666f1a5000-7f666f3a5000 ---p 0002c000 08:02 17960591                   /home/rahil78626/jdk1.8.0_261/jre/lib/amd64/libjava.so
7f666f3a5000-7f666f3a6000 r--p 0002c000 08:02 17960591                   /home/rahil78626/jdk1.8.0_261/jre/lib/amd64/libjava.so
7f666f3a6000-7f666f3a8000 rw-p 0002d000 08:02 17960591                   /home/rahil78626/jdk1.8.0_261/jre/lib/amd64/libjava.so
7f666f3a8000-7f666f3b5000 r-xp 00000000 08:02 17960592                   /home/rahil78626/jdk1.8.0_261/jre/lib/amd64/libverify.so
7f666f3b5000-7f666f5b4000 ---p 0000d000 08:02 17960592                   /home/rahil78626/jdk1.8.0_261/jre/lib/amd64/libverify.so
7f666f5b4000-7f666f5b6000 r--p 0000c000 08:02 17960592                   /home/rahil78626/jdk1.8.0_261/jre/lib/amd64/libverify.so
7f666f5b6000-7f666f5b7000 rw-p 0000e000 08:02 17960592                   /home/rahil78626/jdk1.8.0_261/jre/lib/amd64/libverify.so
7f666f5b7000-7f666f5ba000 r--p 00000000 08:02 16910484                   /usr/lib/x86_64-linux-gnu/librt-2.31.so
7f666f5ba000-7f666f5be000 r-xp 00003000 08:02 16910484                   /usr/lib/x86_64-linux-gnu/librt-2.31.so
7f666f5be000-7f666f5bf000 r--p 00007000 08:02 16910484                   /usr/lib/x86_64-linux-gnu/librt-2.31.so
7f666f5bf000-7f666f5c0000 ---p 00008000 08:02 16910484                   /usr/lib/x86_64-linux-gnu/librt-2.31.so
7f666f5c0000-7f666f5c1000 r--p 00008000 08:02 16910484                   /usr/lib/x86_64-linux-gnu/librt-2.31.so
7f666f5c1000-7f666f5c2000 rw-p 00009000 08:02 16910484                   /usr/lib/x86_64-linux-gnu/librt-2.31.so
7f666f5c2000-7f666f5c3000 ---p 00000000 00:00 0 
7f666f5c3000-7f666f5c6000 ---p 00000000 00:00 0 
7f666f5c6000-7f666f6c3000 rw-p 00000000 00:00 0 
7f666f6c3000-7f666f6d2000 r--p 00000000 08:02 16910471                   /usr/lib/x86_64-linux-gnu/libm-2.31.so
7f666f6d2000-7f666f779000 r-xp 0000f000 08:02 16910471                   /usr/lib/x86_64-linux-gnu/libm-2.31.so
7f666f779000-7f666f810000 r--p 000b6000 08:02 16910471                   /usr/lib/x86_64-linux-gnu/libm-2.31.so
7f666f810000-7f666f811000 r--p 0014c000 08:02 16910471                   /usr/lib/x86_64-linux-gnu/libm-2.31.so
7f666f811000-7f666f812000 rw-p 0014d000 08:02 16910471                   /usr/lib/x86_64-linux-gnu/libm-2.31.so
7f666f812000-7f6670506000 r-xp 00000000 08:02 17960505                   /home/rahil78626/jdk1.8.0_261/jre/lib/amd64/server/libjvm.so
7f6670506000-7f6670705000 ---p 00cf4000 08:02 17960505                   /home/rahil78626/jdk1.8.0_261/jre/lib/amd64/server/libjvm.so
7f6670705000-7f667079b000 r--p 00cf3000 08:02 17960505                   /home/rahil78626/jdk1.8.0_261/jre/lib/amd64/server/libjvm.so
7f667079b000-7f66707cc000 rw-p 00d89000 08:02 17960505                   /home/rahil78626/jdk1.8.0_261/jre/lib/amd64/server/libjvm.so
7f66707cc000-7f6670809000 rw-p 00000000 00:00 0 
7f6670809000-7f667082e000 r--p 00000000 08:02 16910469                   /usr/lib/x86_64-linux-gnu/libc-2.31.so
7f667082e000-7f66709a6000 r-xp 00025000 08:02 16910469                   /usr/lib/x86_64-linux-gnu/libc-2.31.so
7f66709a6000-7f66709f0000 r--p 0019d000 08:02 16910469                   /usr/lib/x86_64-linux-gnu/libc-2.31.so
7f66709f0000-7f66709f1000 ---p 001e7000 08:02 16910469                   /usr/lib/x86_64-linux-gnu/libc-2.31.so
7f66709f1000-7f66709f4000 r--p 001e7000 08:02 16910469                   /usr/lib/x86_64-linux-gnu/libc-2.31.so
7f66709f4000-7f66709f7000 rw-p 001ea000 08:02 16910469                   /usr/lib/x86_64-linux-gnu/libc-2.31.so
7f66709f7000-7f66709fb000 rw-p 00000000 00:00 0 
7f66709fb000-7f66709fc000 r--p 00000000 08:02 16910470                   /usr/lib/x86_64-linux-gnu/libdl-2.31.so
7f66709fc000-7f66709fe000 r-xp 00001000 08:02 16910470                   /usr/lib/x86_64-linux-gnu/libdl-2.31.so
7f66709fe000-7f66709ff000 r--p 00003000 08:02 16910470                   /usr/lib/x86_64-linux-gnu/libdl-2.31.so
7f66709ff000-7f6670a00000 r--p 00003000 08:02 16910470                   /usr/lib/x86_64-linux-gnu/libdl-2.31.so
7f6670a00000-7f6670a01000 rw-p 00004000 08:02 16910470                   /usr/lib/x86_64-linux-gnu/libdl-2.31.so
7f6670a01000-7f6670a18000 r-xp 00000000 08:02 17960724                   /home/rahil78626/jdk1.8.0_261/lib/amd64/jli/libjli.so
7f6670a18000-7f6670c17000 ---p 00017000 08:02 17960724                   /home/rahil78626/jdk1.8.0_261/lib/amd64/jli/libjli.so
7f6670c17000-7f6670c18000 r--p 00016000 08:02 17960724                   /home/rahil78626/jdk1.8.0_261/lib/amd64/jli/libjli.so
7f6670c18000-7f6670c19000 rw-p 00017000 08:02 17960724                   /home/rahil78626/jdk1.8.0_261/lib/amd64/jli/libjli.so
7f6670c19000-7f6670c20000 r--p 00000000 08:02 16910482                   /usr/lib/x86_64-linux-gnu/libpthread-2.31.so
7f6670c20000-7f6670c31000 r-xp 00007000 08:02 16910482                   /usr/lib/x86_64-linux-gnu/libpthread-2.31.so
7f6670c31000-7f6670c36000 r--p 00018000 08:02 16910482                   /usr/lib/x86_64-linux-gnu/libpthread-2.31.so
7f6670c36000-7f6670c37000 r--p 0001c000 08:02 16910482                   /usr/lib/x86_64-linux-gnu/libpthread-2.31.so
7f6670c37000-7f6670c38000 rw-p 0001d000 08:02 16910482                   /usr/lib/x86_64-linux-gnu/libpthread-2.31.so
7f6670c38000-7f6670c3c000 rw-p 00000000 00:00 0 
7f6670c3c000-7f6670c3d000 r--s 00001000 08:02 22815400                   /home/rahil78626/.m2/repository/org/springframework/boot/spring-boot-starter-jdbc/2.3.12.RELEASE/spring-boot-starter-jdbc-2.3.12.RELEASE.jar
7f6670c3d000-7f6670c3e000 r--s 00001000 08:02 22419178                   /home/rahil78626/.m2/repository/org/springframework/boot/spring-boot-starter-aop/2.3.12.RELEASE/spring-boot-starter-aop-2.3.12.RELEASE.jar
7f6670c3e000-7f6670c3f000 r--s 00001000 08:02 22419177                   /home/rahil78626/.m2/repository/org/springframework/boot/spring-boot-starter-data-jpa/2.3.12.RELEASE/spring-boot-starter-data-jpa-2.3.12.RELEASE.jar
7f6670c3f000-7f6670c47000 rw-s 00000000 08:02 5113962                    /tmp/hsperfdata_rahil78626/343646
7f6670c47000-7f6670c4a000 r--p 00000000 08:02 16910477                   /usr/lib/x86_64-linux-gnu/libnss_files-2.31.so
7f6670c4a000-7f6670c51000 r-xp 00003000 08:02 16910477                   /usr/lib/x86_64-linux-gnu/libnss_files-2.31.so
7f6670c51000-7f6670c53000 r--p 0000a000 08:02 16910477                   /usr/lib/x86_64-linux-gnu/libnss_files-2.31.so
7f6670c53000-7f6670c54000 r--p 0000b000 08:02 16910477                   /usr/lib/x86_64-linux-gnu/libnss_files-2.31.so
7f6670c54000-7f6670c55000 rw-p 0000c000 08:02 16910477                   /usr/lib/x86_64-linux-gnu/libnss_files-2.31.so
7f6670c55000-7f6670c5e000 rw-p 00000000 00:00 0 
7f6670c5e000-7f6670c5f000 r--p 00000000 08:02 16910464                   /usr/lib/x86_64-linux-gnu/ld-2.31.so
7f6670c5f000-7f6670c82000 r-xp 00001000 08:02 16910464                   /usr/lib/x86_64-linux-gnu/ld-2.31.so
7f6670c82000-7f6670c8a000 r--p 00024000 08:02 16910464                   /usr/lib/x86_64-linux-gnu/ld-2.31.so
7f6670c8a000-7f6670c8b000 ---p 00000000 00:00 0 
7f6670c8b000-7f6670c8c000 r--p 0002c000 08:02 16910464                   /usr/lib/x86_64-linux-gnu/ld-2.31.so
7f6670c8c000-7f6670c8d000 rw-p 0002d000 08:02 16910464                   /usr/lib/x86_64-linux-gnu/ld-2.31.so
7f6670c8d000-7f6670c8e000 rw-p 00000000 00:00 0 
7ffe1622f000-7ffe16253000 rw-p 00000000 00:00 0                          [stack]
7ffe162d7000-7ffe162da000 r--p 00000000 00:00 0                          [vvar]
7ffe162da000-7ffe162db000 r-xp 00000000 00:00 0                          [vdso]
ffffffffff600000-ffffffffff601000 --xp 00000000 00:00 0                  [vsyscall]

VM Arguments:
jvm_args: -agentlib:jdwp=transport=dt_socket,suspend=y,address=localhost:35137 -javaagent:/home/rahil78626/Downloads/eclipse/configuration/org.eclipse.osgi/406/0/.cp/lib/javaagent-shaded.jar -Dfile.encoding=UTF-8 
java_command: com.springcar.app.SpringCarApplication
java_class_path (initial): /home/rahil78626/car_dealer/sample_cart/SpringCar_FP/target/classes:/home/rahil78626/.m2/repository/org/springframework/boot/spring-boot-starter-data-jpa/2.3.12.RELEASE/spring-boot-starter-data-jpa-2.3.12.RELEASE.jar:/home/rahil78626/.m2/repository/org/springframework/boot/spring-boot-starter-aop/2.3.12.RELEASE/spring-boot-starter-aop-2.3.12.RELEASE.jar:/home/rahil78626/.m2/repository/org/aspectj/aspectjweaver/1.9.6/aspectjweaver-1.9.6.jar:/home/rahil78626/.m2/repository/org/springframework/boot/spring-boot-starter-jdbc/2.3.12.RELEASE/spring-boot-starter-jdbc-2.3.12.RELEASE.jar:/home/rahil78626/.m2/repository/com/zaxxer/HikariCP/3.4.5/HikariCP-3.4.5.jar:/home/rahil78626/.m2/repository/jakarta/transaction/jakarta.transaction-api/1.3.3/jakarta.transaction-api-1.3.3.jar:/home/rahil78626/.m2/repository/jakarta/persistence/jakarta.persistence-api/2.2.3/jakarta.persistence-api-2.2.3.jar:/home/rahil78626/.m2/repository/org/springframework/spring-aspects/5.2.15.RELEASE/spring-aspects-5.2.15.RELEASE.jar:/home/rahil78626/.m2/repository/org/springframework/boot/spring-boot-starter-thymeleaf/2.3.12.RELEASE/spring-boot-starter-thymeleaf-2.3.12.RELEASE.jar:/home/rahil78626/.m2/repository/org/springframework/boot/spring-boot-starter/2.3.12.RELEASE/spring-boot-starter-2.3.12.RELEASE.jar:/home/rahil78626/.m2/repository/org/springframework/boot/spring-boot-starter-logging/2.3.12.RELEASE/spring-boot-starter-logging-2.3.12.RELEASE.jar:/home/rahil78626/.m2/repository/ch/qos/logback/logback-classic/1.2.3/logback-classic-1.2.3.jar:/home/rahil78626/.m2/repository/ch/qos/logback/logback-core/1.2.3/logback-core-1.2.3.jar:/home/rahil78626/.m2/repository/org/apache/logging/log4j/log4j-to-slf4j/2.13.3/log4j-to-slf4j-2.13.3.jar:/home/rahil78626/.m2/repository/org/apache/logging/log4j/log4j-api/2.13.3/log4j-api-2.13.3.jar:/home/rahil78626/.m2/repository/org/slf4j/jul-to-slf4j/1.7.30/jul-to-slf4j-1.7.30.jar:/home/rahil78626/.m2/repository/jakarta/annotation/jakarta.ann
Launcher Type: SUN_STANDARD

Environment Variables:
JAVA_HOME=/home/rahil78626/jdk1.8.0_261/
PATH=/usr/local/cuda/bin:/home/rahil78626/anaconda3/bin:/home/rahil78626/anaconda3/condabin:/usr/local/cuda/bin:/home/rahil78626/.cargo/bin:/home/rahil78626/.local/bin:/usr/local/sbin:/usr/local/bin:/usr/sbin:/usr/bin:/sbin:/bin:/usr/games:/usr/local/games:/snap/bin:/home/rahil78626/jdk1.8.0_261//bin:/home/rahil78626/apache-maven-3.2.3//bin
USERNAME=rahil78626
LD_LIBRARY_PATH=/usr/local/cuda/lib64:/usr/local/cuda/lib64:
SHELL=/bin/bash
DISPLAY=:0

Signal Handlers:
SIGSEGV: [libjvm.so+0xade140], sa_mask[0]=11111111011111111101111111111110, sa_flags=SA_RESTART|SA_SIGINFO
SIGBUS: [libjvm.so+0xade140], sa_mask[0]=11111111011111111101111111111110, sa_flags=SA_RESTART|SA_SIGINFO
SIGFPE: [libjvm.so+0x912c70], sa_mask[0]=11111111011111111101111111111110, sa_flags=SA_RESTART|SA_SIGINFO
SIGPIPE: [libjvm.so+0x912c70], sa_mask[0]=11111111011111111101111111111110, sa_flags=SA_RESTART|SA_SIGINFO
SIGXFSZ: [libjvm.so+0x912c70], sa_mask[0]=11111111011111111101111111111110, sa_flags=SA_RESTART|SA_SIGINFO
SIGILL: [libjvm.so+0x912c70], sa_mask[0]=11111111011111111101111111111110, sa_flags=SA_RESTART|SA_SIGINFO
SIGUSR1: SIG_DFL, sa_mask[0]=00000000000000000000000000000000, sa_flags=none
SIGUSR2: [libjvm.so+0x912b40], sa_mask[0]=00100000000000000000000000000000, sa_flags=SA_RESTART|SA_SIGINFO
SIGHUP: [libjvm.so+0x913160], sa_mask[0]=11111111011111111101111111111110, sa_flags=SA_RESTART|SA_SIGINFO
SIGINT: [libjvm.so+0x913160], sa_mask[0]=11111111011111111101111111111110, sa_flags=SA_RESTART|SA_SIGINFO
SIGTERM: [libjvm.so+0x913160], sa_mask[0]=11111111011111111101111111111110, sa_flags=SA_RESTART|SA_SIGINFO
SIGQUIT: [libjvm.so+0x913160], sa_mask[0]=11111111011111111101111111111110, sa_flags=SA_RESTART|SA_SIGINFO


---------------  S Y S T E M  ---------------

OS:DISTRIB_ID=Ubuntu
DISTRIB_RELEASE=20.04
DISTRIB_CODENAME=focal
DISTRIB_DESCRIPTION="Ubuntu 20.04.2 LTS"

uname:Linux 5.4.0-31-generic #35-Ubuntu SMP Thu May 7 20:20:34 UTC 2020 x86_64
libc:glibc 2.31 NPTL 2.31 
rlimit: STACK 8192k, CORE 0k, NPROC 63449, NOFILE 1048576, AS infinity
load average:7.92 7.56 7.20

/proc/meminfo:
MemTotal:       16299760 kB
MemFree:         4450184 kB
MemAvailable:    7764808 kB
Buffers:          324500 kB
Cached:          3567968 kB
SwapCached:            0 kB
Active:          8588944 kB
Inactive:        2173708 kB
Active(anon):    7182992 kB
Inactive(anon):   232612 kB
Active(file):    1405952 kB
Inactive(file):  1941096 kB
Unevictable:      369568 kB
Mlocked:             304 kB
SwapTotal:       2097148 kB
SwapFree:        2097148 kB
Dirty:               188 kB
Writeback:             0 kB
AnonPages:       7239744 kB
Mapped:           780104 kB
Shmem:            607764 kB
KReclaimable:     304516 kB
Slab:             512100 kB
SReclaimable:     304516 kB
SUnreclaim:       207584 kB
KernelStack:       25216 kB
PageTables:        67908 kB
NFS_Unstable:          0 kB
Bounce:                0 kB
WritebackTmp:          0 kB
CommitLimit:    10247028 kB
Committed_AS:   20717300 kB
VmallocTotal:   34359738367 kB
VmallocUsed:       78868 kB
VmallocChunk:          0 kB
Percpu:             7104 kB
HardwareCorrupted:     0 kB
AnonHugePages:         0 kB
ShmemHugePages:        0 kB
ShmemPmdMapped:        0 kB
FileHugePages:         0 kB
FilePmdMapped:         0 kB
CmaTotal:              0 kB
CmaFree:               0 kB
HugePages_Total:       0
HugePages_Free:        0
HugePages_Rsvd:        0
HugePages_Surp:        0
Hugepagesize:       2048 kB
Hugetlb:               0 kB
DirectMap4k:      554660 kB
DirectMap2M:    14028800 kB
DirectMap1G:     2097152 kB

container (cgroup) information:
container_type: cgroupv1
cpu_cpuset_cpus: 0-7
cpu_memory_nodes: 0
active_processor_count: 8
cpu_quota: -1
cpu_period: 100000
cpu_shares: -1
memory_limit_in_bytes: -1
memory_and_swap_limit_in_bytes: -2
memory_soft_limit_in_bytes: -1
memory_usage_in_bytes: 9861189632
memory_max_usage_in_bytes: 10249875456


CPU:total 8 (initial active 8) (4 cores per cpu, 2 threads per core) family 6 model 60 stepping 3, cmov, cx8, fxsr, mmx, sse, sse2, sse3, ssse3, sse4.1, sse4.2, popcnt, avx, avx2, aes, clmul, erms, lzcnt, ht, tsc, tscinvbit, bmi1, bmi2

/proc/cpuinfo:
processor	: 0
vendor_id	: GenuineIntel
cpu family	: 6
model		: 60
model name	: Intel(R) Core(TM) i7-4810MQ CPU @ 2.80GHz
stepping	: 3
microcode	: 0x28
cpu MHz		: 604.533
cache size	: 6144 KB
physical id	: 0
siblings	: 8
core id		: 0
cpu cores	: 4
apicid		: 0
initial apicid	: 0
fpu		: yes
fpu_exception	: yes
cpuid level	: 13
wp		: yes
flags		: fpu vme de pse tsc msr pae mce cx8 apic sep mtrr pge mca cmov pat pse36 clflush dts acpi mmx fxsr sse sse2 ss ht tm pbe syscall nx pdpe1gb rdtscp lm constant_tsc arch_perfmon pebs bts rep_good nopl xtopology nonstop_tsc cpuid aperfmperf pni pclmulqdq dtes64 monitor ds_cpl vmx smx est tm2 ssse3 sdbg fma cx16 xtpr pdcm pcid sse4_1 sse4_2 x2apic movbe popcnt tsc_deadline_timer aes xsave avx f16c rdrand lahf_lm abm cpuid_fault epb invpcid_single pti ssbd ibrs ibpb stibp tpr_shadow vnmi flexpriority ept vpid ept_ad fsgsbase tsc_adjust bmi1 avx2 smep bmi2 erms invpcid xsaveopt dtherm ida arat pln pts md_clear flush_l1d
bugs		: cpu_meltdown spectre_v1 spectre_v2 spec_store_bypass l1tf mds swapgs itlb_multihit
bogomips	: 5586.74
clflush size	: 64
cache_alignment	: 64
address sizes	: 39 bits physical, 48 bits virtual
power management:

processor	: 1
vendor_id	: GenuineIntel
cpu family	: 6
model		: 60
model name	: Intel(R) Core(TM) i7-4810MQ CPU @ 2.80GHz
stepping	: 3
microcode	: 0x28
cpu MHz		: 605.566
cache size	: 6144 KB
physical id	: 0
siblings	: 8
core id		: 1
cpu cores	: 4
apicid		: 2
initial apicid	: 2
fpu		: yes
fpu_exception	: yes
cpuid level	: 13
wp		: yes
flags		: fpu vme de pse tsc msr pae mce cx8 apic sep mtrr pge mca cmov pat pse36 clflush dts acpi mmx fxsr sse sse2 ss ht tm pbe syscall nx pdpe1gb rdtscp lm constant_tsc arch_perfmon pebs bts rep_good nopl xtopology nonstop_tsc cpuid aperfmperf pni pclmulqdq dtes64 monitor ds_cpl vmx smx est tm2 ssse3 sdbg fma cx16 xtpr pdcm pcid sse4_1 sse4_2 x2apic movbe popcnt tsc_deadline_timer aes xsave avx f16c rdrand lahf_lm abm cpuid_fault epb invpcid_single pti ssbd ibrs ibpb stibp tpr_shadow vnmi flexpriority ept vpid ept_ad fsgsbase tsc_adjust bmi1 avx2 smep bmi2 erms invpcid xsaveopt dtherm ida arat pln pts md_clear flush_l1d
bugs		: cpu_meltdown spectre_v1 spectre_v2 spec_store_bypass l1tf mds swapgs itlb_multihit
bogomips	: 5586.74
clflush size	: 64
cache_alignment	: 64
address sizes	: 39 bits physical, 48 bits virtual
power management:

processor	: 2
vendor_id	: GenuineIntel
cpu family	: 6
model		: 60
model name	: Intel(R) Core(TM) i7-4810MQ CPU @ 2.80GHz
stepping	: 3
microcode	: 0x28
cpu MHz		: 604.185
cache size	: 6144 KB
physical id	: 0
siblings	: 8
core id		: 2
cpu cores	: 4
apicid		: 4
initial apicid	: 4
fpu		: yes
fpu_exception	: yes
cpuid level	: 13
wp		: yes
flags		: fpu vme de pse tsc msr pae mce cx8 apic sep mtrr pge mca cmov pat pse36 clflush dts acpi mmx fxsr sse sse2 ss ht tm pbe syscall nx pdpe1gb rdtscp lm constant_tsc arch_perfmon pebs bts rep_good nopl xtopology nonstop_tsc cpuid aperfmperf pni pclmulqdq dtes64 monitor ds_cpl vmx smx est tm2 ssse3 sdbg fma cx16 xtpr pdcm pcid sse4_1 sse4_2 x2apic movbe popcnt tsc_deadline_timer aes xsave avx f16c rdrand lahf_lm abm cpuid_fault epb invpcid_single pti ssbd ibrs ibpb stibp tpr_shadow vnmi flexpriority ept vpid ept_ad fsgsbase tsc_adjust bmi1 avx2 smep bmi2 erms invpcid xsaveopt dtherm ida arat pln pts md_clear flush_l1d
bugs		: cpu_meltdown spectre_v1 spectre_v2 spec_store_bypass l1tf mds swapgs itlb_multihit
bogomips	: 5586.74
clflush size	: 64
cache_alignment	: 64
address sizes	: 39 bits physical, 48 bits virtual
power management:

processor	: 3
vendor_id	: GenuineIntel
cpu family	: 6
model		: 60
model name	: Intel(R) Core(TM) i7-4810MQ CPU @ 2.80GHz
stepping	: 3
microcode	: 0x28
cpu MHz		: 605.920
cache size	: 6144 KB
physical id	: 0
siblings	: 8
core id		: 3
cpu cores	: 4
apicid		: 6
initial apicid	: 6
fpu		: yes
fpu_exception	: yes
cpuid level	: 13
wp		: yes
flags		: fpu vme de pse tsc msr pae mce cx8 apic sep mtrr pge mca cmov pat pse36 clflush dts acpi mmx fxsr sse sse2 ss ht tm pbe syscall nx pdpe1gb rdtscp lm constant_tsc arch_perfmon pebs bts rep_good nopl xtopology nonstop_tsc cpuid aperfmperf pni pclmulqdq dtes64 monitor ds_cpl vmx smx est tm2 ssse3 sdbg fma cx16 xtpr pdcm pcid sse4_1 sse4_2 x2apic movbe popcnt tsc_deadline_timer aes xsave avx f16c rdrand lahf_lm abm cpuid_fault epb invpcid_single pti ssbd ibrs ibpb stibp tpr_shadow vnmi flexpriority ept vpid ept_ad fsgsbase tsc_adjust bmi1 avx2 smep bmi2 erms invpcid xsaveopt dtherm ida arat pln pts md_clear flush_l1d
bugs		: cpu_meltdown spectre_v1 spectre_v2 spec_store_bypass l1tf mds swapgs itlb_multihit
bogomips	: 5586.74
clflush size	: 64
cache_alignment	: 64
address sizes	: 39 bits physical, 48 bits virtual
power management:

processor	: 4
vendor_id	: GenuineIntel
cpu family	: 6
model		: 60
model name	: Intel(R) Core(TM) i7-4810MQ CPU @ 2.80GHz
stepping	: 3
microcode	: 0x28
cpu MHz		: 589.364
cache size	: 6144 KB
physical id	: 0
siblings	: 8
core id		: 0
cpu cores	: 4
apicid		: 1
initial apicid	: 1
fpu		: yes
fpu_exception	: yes
cpuid level	: 13
wp		: yes
flags		: fpu vme de pse tsc msr pae mce cx8 apic sep mtrr pge mca cmov pat pse36 clflush dts acpi mmx fxsr sse sse2 ss ht tm pbe syscall nx pdpe1gb rdtscp lm constant_tsc arch_perfmon pebs bts rep_good nopl xtopology nonstop_tsc cpuid aperfmperf pni pclmulqdq dtes64 monitor ds_cpl vmx smx est tm2 ssse3 sdbg fma cx16 xtpr pdcm pcid sse4_1 sse4_2 x2apic movbe popcnt tsc_deadline_timer aes xsave avx f16c rdrand lahf_lm abm cpuid_fault epb invpcid_single pti ssbd ibrs ibpb stibp tpr_shadow vnmi flexpriority ept vpid ept_ad fsgsbase tsc_adjust bmi1 avx2 smep bmi2 erms invpcid xsaveopt dtherm ida arat pln pts md_clear flush_l1d
bugs		: cpu_meltdown spectre_v1 spectre_v2 spec_store_bypass l1tf mds swapgs itlb_multihit
bogomips	: 5586.74
clflush size	: 64
cache_alignment	: 64
address sizes	: 39 bits physical, 48 bits virtual
power management:

processor	: 5
vendor_id	: GenuineIntel
cpu family	: 6
model		: 60
model name	: Intel(R) Core(TM) i7-4810MQ CPU @ 2.80GHz
stepping	: 3
microcode	: 0x28
cpu MHz		: 589.828
cache size	: 6144 KB
physical id	: 0
siblings	: 8
core id		: 1
cpu cores	: 4
apicid		: 3
initial apicid	: 3
fpu		: yes
fpu_exception	: yes
cpuid level	: 13
wp		: yes
flags		: fpu vme de pse tsc msr pae mce cx8 apic sep mtrr pge mca cmov pat pse36 clflush dts acpi mmx fxsr sse sse2 ss ht tm pbe syscall nx pdpe1gb rdtscp lm constant_tsc arch_perfmon pebs bts rep_good nopl xtopology nonstop_tsc cpuid aperfmperf pni pclmulqdq dtes64 monitor ds_cpl vmx smx est tm2 ssse3 sdbg fma cx16 xtpr pdcm pcid sse4_1 sse4_2 x2apic movbe popcnt tsc_deadline_timer aes xsave avx f16c rdrand lahf_lm abm cpuid_fault epb invpcid_single pti ssbd ibrs ibpb stibp tpr_shadow vnmi flexpriority ept vpid ept_ad fsgsbase tsc_adjust bmi1 avx2 smep bmi2 erms invpcid xsaveopt dtherm ida arat pln pts md_clear flush_l1d
bugs		: cpu_meltdown spectre_v1 spectre_v2 spec_store_bypass l1tf mds swapgs itlb_multihit
bogomips	: 5586.74
clflush size	: 64
cache_alignment	: 64
address sizes	: 39 bits physical, 48 bits virtual
power management:

processor	: 6
vendor_id	: GenuineIntel
cpu family	: 6
model		: 60
model name	: Intel(R) Core(TM) i7-4810MQ CPU @ 2.80GHz
stepping	: 3
microcode	: 0x28
cpu MHz		: 590.010
cache size	: 6144 KB
physical id	: 0
siblings	: 8
core id		: 2
cpu cores	: 4
apicid		: 5
initial apicid	: 5
fpu		: yes
fpu_exception	: yes
cpuid level	: 13
wp		: yes
flags		: fpu vme de pse tsc msr pae mce cx8 apic sep mtrr pge mca cmov pat pse36 clflush dts acpi mmx fxsr sse sse2 ss ht tm pbe syscall nx pdpe1gb rdtscp lm constant_tsc arch_perfmon pebs bts rep_good nopl xtopology nonstop_tsc cpuid aperfmperf pni pclmulqdq dtes64 monitor ds_cpl vmx smx est tm2 ssse3 sdbg fma cx16 xtpr pdcm pcid sse4_1 sse4_2 x2apic movbe popcnt tsc_deadline_timer aes xsave avx f16c rdrand lahf_lm abm cpuid_fault epb invpcid_single pti ssbd ibrs ibpb stibp tpr_shadow vnmi flexpriority ept vpid ept_ad fsgsbase tsc_adjust bmi1 avx2 smep bmi2 erms invpcid xsaveopt dtherm ida arat pln pts md_clear flush_l1d
bugs		: cpu_meltdown spectre_v1 spectre_v2 spec_store_bypass l1tf mds swapgs itlb_multihit
bogomips	: 5586.74
clflush size	: 64
cache_alignment	: 64
address sizes	: 39 bits physical, 48 bits virtual
power management:

processor	: 7
vendor_id	: GenuineIntel
cpu family	: 6
model		: 60
model name	: Intel(R) Core(TM) i7-4810MQ CPU @ 2.80GHz
stepping	: 3
microcode	: 0x28
cpu MHz		: 586.172
cache size	: 6144 KB
physical id	: 0
siblings	: 8
core id		: 3
cpu cores	: 4
apicid		: 7
initial apicid	: 7
fpu		: yes
fpu_exception	: yes
cpuid level	: 13
wp		: yes
flags		: fpu vme de pse tsc msr pae mce cx8 apic sep mtrr pge mca cmov pat pse36 clflush dts acpi mmx fxsr sse sse2 ss ht tm pbe syscall nx pdpe1gb rdtscp lm constant_tsc arch_perfmon pebs bts rep_good nopl xtopology nonstop_tsc cpuid aperfmperf pni pclmulqdq dtes64 monitor ds_cpl vmx smx est tm2 ssse3 sdbg fma cx16 xtpr pdcm pcid sse4_1 sse4_2 x2apic movbe popcnt tsc_deadline_timer aes xsave avx f16c rdrand lahf_lm abm cpuid_fault epb invpcid_single pti ssbd ibrs ibpb stibp tpr_shadow vnmi flexpriority ept vpid ept_ad fsgsbase tsc_adjust bmi1 avx2 smep bmi2 erms invpcid xsaveopt dtherm ida arat pln pts md_clear flush_l1d
bugs		: cpu_meltdown spectre_v1 spectre_v2 spec_store_bypass l1tf mds swapgs itlb_multihit
bogomips	: 5586.74
clflush size	: 64
cache_alignment	: 64
address sizes	: 39 bits physical, 48 bits virtual
power management:



Memory: 4k page, physical 16299760k(4450184k free), swap 2097148k(2097148k free)

vm_info: Java HotSpot(TM) 64-Bit Server VM (25.261-b12) for linux-amd64 JRE (1.8.0_261-b12), built on Jun 17 2020 23:41:40 by "java_re" with gcc 7.3.0

time: Fri Jun 11 21:35:02 2021
timezone: IST
elapsed time: 36 seconds (0d 0h 0m 36s)

