#
# A fatal error has been detected by the Java Runtime Environment:
#
#  Internal Error (vmThread.cpp:659), pid=345595, tid=0x00007f4d60f80700
#  fatal error: Nested VM operation CollectForMetadataAllocation requested by operation ChangeBreakpoints
#
# JRE version: Java(TM) SE Runtime Environment (8.0_261-b12) (build 1.8.0_261-b12)
# Java VM: Java HotSpot(TM) 64-Bit Server VM (25.261-b12 mixed mode linux-amd64 compressed oops)
# Failed to write core dump. Core dumps have been disabled. To enable core dumping, try "ulimit -c unlimited" before starting Java again
#
# If you would like to submit a bug report, please visit:
#   http://bugreport.java.com/bugreport/crash.jsp
#

---------------  T H R E A D  ---------------

Current thread (0x00007f4d741d0000):  VMThread [stack: 0x00007f4d60e81000,0x00007f4d60f81000] [id=345611]

Stack: [0x00007f4d60e81000,0x00007f4d60f81000],  sp=0x00007f4d60f7f510,  free space=1017k
Native frames: (J=compiled Java code, j=interpreted, Vv=VM code, C=native code)
V  [libjvm.so+0xadd805]  VMError::report_and_die()+0x2e5
V  [libjvm.so+0x4e29c4]  report_fatal(char const*, int, char const*)+0x54
V  [libjvm.so+0xae2477]  VMThread::execute(VM_Operation*)+0x397
V  [libjvm.so+0x4629ce]  CollectorPolicy::satisfy_failed_metadata_allocation(ClassLoaderData*, unsigned long, Metaspace::MetadataType)+0xbe
V  [libjvm.so+0x8930d6]  Metaspace::allocate(ClassLoaderData*, unsigned long, bool, MetaspaceObj::Type, Thread*)+0x296
V  [libjvm.so+0x8aaf86]  MethodCounters::allocate(ClassLoaderData*, Thread*)+0x26
V  [libjvm.so+0x89c3e1]  Method::build_method_counters(Method*, Thread*)+0x41
V  [libjvm.so+0x8a3603]  Method::set_breakpoint(int)+0x393
V  [libjvm.so+0x787bec]  JvmtiBreakpoint::each_method_version_do(void (Method::*)(int))+0x3c
V  [libjvm.so+0xae45a6]  VM_Operation::evaluate()+0x46
V  [libjvm.so+0xae28dd]  VMThread::evaluate_operation(VM_Operation*) [clone .constprop.44]+0xcd
V  [libjvm.so+0xae2ec3]  VMThread::loop()+0x3a3
V  [libjvm.so+0xae3298]  VMThread::run()+0x78
V  [libjvm.so+0x914d12]  java_start(Thread*)+0x102

VM_Operation (0x00007f4d60976900): ChangeBreakpoints, mode: safepoint, requested by thread 0x00007f4d7421e800


---------------  P R O C E S S  ---------------

Java Threads: ( => current thread )
  0x00007f4cfdeb6800 JavaThread "container-0" [_thread_blocked, id=346262, stack(0x00007f4cf5c7c000,0x00007f4cf5d7d000)]
  0x00007f4ce8004000 JavaThread "Catalina-utility-2" [_thread_blocked, id=346261, stack(0x00007f4cf5d7d000,0x00007f4cf5e7e000)]
  0x00007f4cfdea9800 JavaThread "Catalina-utility-1" [_thread_blocked, id=346260, stack(0x00007f4cf5e7e000,0x00007f4cf5f7f000)]
  0x00007f4cfde79800 JavaThread "HikariPool-1 housekeeper" daemon [_thread_blocked, id=346247, stack(0x00007f4cf78ff000,0x00007f4cf7a00000)]
  0x00007f4cfd5ad000 JavaThread "mysql-cj-abandoned-connection-cleanup" daemon [_thread_blocked, id=346243, stack(0x00007f4d34095000,0x00007f4d34196000)]
  0x00007f4cf8004800 JavaThread "restartedMain" [_thread_blocked, id=345650, stack(0x00007f4d536f9000,0x00007f4d537fa000)]
  0x00007f4d749e0000 JavaThread "Thread-0" [_thread_blocked, id=345649, stack(0x00007f4d537fa000,0x00007f4d538fb000)]
  0x00007f4d74758000 JavaThread "Service Thread" daemon [_thread_blocked, id=345643, stack(0x00007f4d53bfc000,0x00007f4d53cfd000)]
  0x00007f4d7474c800 JavaThread "C1 CompilerThread3" daemon [_thread_blocked, id=345642, stack(0x00007f4d53cfe000,0x00007f4d53dfe000)]
  0x00007f4d7474a800 JavaThread "C2 CompilerThread2" daemon [_thread_in_native, id=345641, stack(0x00007f4d53dff000,0x00007f4d53eff000)]
  0x00007f4d74748000 JavaThread "C2 CompilerThread1" daemon [_thread_blocked, id=345640, stack(0x00007f4d53f00000,0x00007f4d54000000)]
  0x00007f4d74747000 JavaThread "C2 CompilerThread0" daemon [_thread_blocked, id=345639, stack(0x00007f4d60076000,0x00007f4d60176000)]
  0x00007f4d24001800 JavaThread "JDWP Command Reader" daemon [_thread_in_native, id=345620, stack(0x00007f4d60675000,0x00007f4d60776000)]
  0x00007f4d74222000 JavaThread "JDWP Event Helper Thread" daemon [_thread_blocked, id=345619, stack(0x00007f4d60776000,0x00007f4d60877000)]
  0x00007f4d7421e800 JavaThread "JDWP Transport Listener: dt_socket" daemon [_thread_blocked, id=345616, stack(0x00007f4d60877000,0x00007f4d60978000)]
  0x00007f4d7420d800 JavaThread "Signal Dispatcher" daemon [_thread_blocked, id=345614, stack(0x00007f4d60b7d000,0x00007f4d60c7e000)]
  0x00007f4d741de000 JavaThread "Finalizer" daemon [_thread_blocked, id=345613, stack(0x00007f4d60c7e000,0x00007f4d60d7f000)]
  0x00007f4d741d9800 JavaThread "Reference Handler" daemon [_thread_blocked, id=345612, stack(0x00007f4d60d7f000,0x00007f4d60e80000)]
  0x00007f4d74012800 JavaThread "main" [_thread_blocked, id=345602, stack(0x00007f4d798d6000,0x00007f4d799d6000)]

Other Threads:
=>0x00007f4d741d0000 VMThread [stack: 0x00007f4d60e81000,0x00007f4d60f81000] [id=345611]
  0x00007f4d7475b000 WatcherThread [stack: 0x00007f4d53afc000,0x00007f4d53bfc000] [id=345644]

VM state:at safepoint (normal execution)

VM Mutex/Monitor currently owned by a thread:  ([mutex/lock_event])
[0x00007f4d740063b0] Threads_lock - owner thread: 0x00007f4d741d0000

heap address: 0x00000006c7400000, size: 3980 MB, Compressed Oops mode: Zero based, Oop shift amount: 3
Narrow klass base: 0x0000000000000000, Narrow klass shift: 3
Compressed class space size: 1073741824 Address: 0x00000007c0000000

Heap:
 PSYoungGen      total 287744K, used 266294K [0x000000076d180000, 0x000000077fc00000, 0x00000007c0000000)
  eden space 276480K, 92% used [0x000000076d180000,0x000000077ca98850,0x000000077df80000)
  from space 11264K, 99% used [0x000000077eb80000,0x000000077f675338,0x000000077f680000)
  to   space 12288K, 0% used [0x000000077df80000,0x000000077df80000,0x000000077eb80000)
 ParOldGen       total 159232K, used 14062K [0x00000006c7400000, 0x00000006d0f80000, 0x000000076d180000)
  object space 159232K, 8% used [0x00000006c7400000,0x00000006c81bbbf0,0x00000006d0f80000)
 Metaspace       used 56243K, capacity 58857K, committed 58968K, reserved 1099776K
  class space    used 7498K, capacity 7958K, committed 8064K, reserved 1048576K

Card table byte_map: [0x00007f4d64839000,0x00007f4d65000000] byte_map_base: 0x00007f4d611ff000

Marking Bits: (ParMarkBitMap*) 0x00007f4d7aafd0c0
 Begin Bits: [0x00007f4d343a0000, 0x00007f4d381d0000)
 End Bits:   [0x00007f4d381d0000, 0x00007f4d3c000000)

Polling page: 0x00007f4d7af9d000

CodeCache: size=245760Kb used=16598Kb max_used=16744Kb free=229162Kb
 bounds [0x00007f4d65000000, 0x00007f4d66070000, 0x00007f4d74000000]
 total_blobs=4900 nmethods=4376 adapters=444
 compilation: enabled

Compilation events (10 events):
Event: 38.094 Thread 0x00007f4d74748000 nmethod 4976 0x00007f4d65189350 code [0x00007f4d651894a0, 0x00007f4d651896f8]
Event: 38.101 Thread 0x00007f4d74748000 4894       4       java.util.LinkedHashMap::keySet (25 bytes)
Event: 38.110 Thread 0x00007f4d74748000 nmethod 4894 0x00007f4d65469950 code [0x00007f4d65469aa0, 0x00007f4d65469b98]
Event: 38.111 Thread 0x00007f4d74748000 4895       4       java.util.Collections$EmptyMap::values (4 bytes)
Event: 38.113 Thread 0x00007f4d74748000 nmethod 4895 0x00007f4d654eefd0 code [0x00007f4d654ef120, 0x00007f4d654ef198]
Event: 38.115 Thread 0x00007f4d74748000 4896       4       java.util.Collections$EmptySet::toArray (11 bytes)
Event: 38.118 Thread 0x00007f4d74748000 nmethod 4896 0x00007f4d65143650 code [0x00007f4d651437a0, 0x00007f4d65143858]
Event: 38.120 Thread 0x00007f4d74748000 4897       4       org.springframework.core.annotation.TypeMappedAnnotations$MergedAnnotationFinder::doWithAnnotations (10 bytes)
Event: 38.123 Thread 0x00007f4d74748000 nmethod 4897 0x00007f4d65718990 code [0x00007f4d65718ae0, 0x00007f4d65718b88]
Event: 38.124 Thread 0x00007f4d74748000 4901       4       org.springframework.core.annotation.AnnotationsScanner::isKnownEmpty (60 bytes)

GC Heap History (10 events):
Event: 12.647 GC heap before
{Heap before GC invocations=6 (full 1):
 PSYoungGen      total 139264K, used 129024K [0x000000076d180000, 0x0000000776380000, 0x00000007c0000000)
  eden space 129024K, 100% used [0x000000076d180000,0x0000000774f80000,0x0000000774f80000)
  from space 10240K, 0% used [0x0000000775980000,0x0000000775980000,0x0000000776380000)
  to   space 10240K, 0% used [0x0000000774f80000,0x0000000774f80000,0x0000000775980000)
 ParOldGen       total 102400K, used 7538K [0x00000006c7400000, 0x00000006cd800000, 0x000000076d180000)
  object space 102400K, 7% used [0x00000006c7400000,0x00000006c7b5c8d8,0x00000006cd800000)
 Metaspace       used 25332K, capacity 26100K, committed 26368K, reserved 1073152K
  class space    used 3049K, capacity 3259K, committed 3328K, reserved 1048576K
Event: 12.701 GC heap after
Heap after GC invocations=6 (full 1):
 PSYoungGen      total 139264K, used 6969K [0x000000076d180000, 0x000000077a080000, 0x00000007c0000000)
  eden space 129024K, 0% used [0x000000076d180000,0x000000076d180000,0x0000000774f80000)
  from space 10240K, 68% used [0x0000000774f80000,0x000000077564e600,0x0000000775980000)
  to   space 8704K, 0% used [0x0000000779800000,0x0000000779800000,0x000000077a080000)
 ParOldGen       total 102400K, used 7546K [0x00000006c7400000, 0x00000006cd800000, 0x000000076d180000)
  object space 102400K, 7% used [0x00000006c7400000,0x00000006c7b5e8d8,0x00000006cd800000)
 Metaspace       used 25332K, capacity 26100K, committed 26368K, reserved 1073152K
  class space    used 3049K, capacity 3259K, committed 3328K, reserved 1048576K
}
Event: 18.070 GC heap before
{Heap before GC invocations=7 (full 1):
 PSYoungGen      total 139264K, used 135993K [0x000000076d180000, 0x000000077a080000, 0x00000007c0000000)
  eden space 129024K, 100% used [0x000000076d180000,0x0000000774f80000,0x0000000774f80000)
  from space 10240K, 68% used [0x0000000774f80000,0x000000077564e600,0x0000000775980000)
  to   space 8704K, 0% used [0x0000000779800000,0x0000000779800000,0x000000077a080000)
 ParOldGen       total 102400K, used 7546K [0x00000006c7400000, 0x00000006cd800000, 0x000000076d180000)
  object space 102400K, 7% used [0x00000006c7400000,0x00000006c7b5e8d8,0x00000006cd800000)
 Metaspace       used 30598K, capacity 31882K, committed 32000K, reserved 1077248K
  class space    used 3780K, capacity 4032K, committed 4096K, reserved 1048576K
Event: 18.129 GC heap after
Heap after GC invocations=7 (full 1):
 PSYoungGen      total 198656K, used 8684K [0x000000076d180000, 0x000000077a080000, 0x00000007c0000000)
  eden space 189952K, 0% used [0x000000076d180000,0x000000076d180000,0x0000000778b00000)
  from space 8704K, 99% used [0x0000000779800000,0x000000077a07b098,0x000000077a080000)
  to   space 10752K, 0% used [0x0000000778b80000,0x0000000778b80000,0x0000000779600000)
 ParOldGen       total 102400K, used 9278K [0x00000006c7400000, 0x00000006cd800000, 0x000000076d180000)
  object space 102400K, 9% used [0x00000006c7400000,0x00000006c7d0f940,0x00000006cd800000)
 Metaspace       used 30598K, capacity 31882K, committed 32000K, reserved 1077248K
  class space    used 3780K, capacity 4032K, committed 4096K, reserved 1048576K
}
Event: 20.539 GC heap before
{Heap before GC invocations=8 (full 1):
 PSYoungGen      total 198656K, used 86235K [0x000000076d180000, 0x000000077a080000, 0x00000007c0000000)
  eden space 189952K, 40% used [0x000000076d180000,0x0000000771d3bbf0,0x0000000778b00000)
  from space 8704K, 99% used [0x0000000779800000,0x000000077a07b098,0x000000077a080000)
  to   space 10752K, 0% used [0x0000000778b80000,0x0000000778b80000,0x0000000779600000)
 ParOldGen       total 102400K, used 9278K [0x00000006c7400000, 0x00000006cd800000, 0x000000076d180000)
  object space 102400K, 9% used [0x00000006c7400000,0x00000006c7d0f940,0x00000006cd800000)
 Metaspace       used 33460K, capacity 35287K, committed 35416K, reserved 1081344K
  class space    used 4163K, capacity 4480K, committed 4480K, reserved 1048576K
Event: 20.579 GC heap after
Heap after GC invocations=8 (full 1):
 PSYoungGen      total 201216K, used 9052K [0x000000076d180000, 0x000000077f680000, 0x00000007c0000000)
  eden space 190464K, 0% used [0x000000076d180000,0x000000076d180000,0x0000000778b80000)
  from space 10752K, 84% used [0x0000000778b80000,0x0000000779457200,0x0000000779600000)
  to   space 11264K, 0% used [0x000000077eb80000,0x000000077eb80000,0x000000077f680000)
 ParOldGen       total 102400K, used 9286K [0x00000006c7400000, 0x00000006cd800000, 0x000000076d180000)
  object space 102400K, 9% used [0x00000006c7400000,0x00000006c7d11940,0x00000006cd800000)
 Metaspace       used 33460K, capacity 35287K, committed 35416K, reserved 1081344K
  class space    used 4163K, capacity 4480K, committed 4480K, reserved 1048576K
}
Event: 20.580 GC heap before
{Heap before GC invocations=9 (full 2):
 PSYoungGen      total 201216K, used 9052K [0x000000076d180000, 0x000000077f680000, 0x00000007c0000000)
  eden space 190464K, 0% used [0x000000076d180000,0x000000076d180000,0x0000000778b80000)
  from space 10752K, 84% used [0x0000000778b80000,0x0000000779457200,0x0000000779600000)
  to   space 11264K, 0% used [0x000000077eb80000,0x000000077eb80000,0x000000077f680000)
 ParOldGen       total 102400K, used 9286K [0x00000006c7400000, 0x00000006cd800000, 0x000000076d180000)
  object space 102400K, 9% used [0x00000006c7400000,0x00000006c7d11940,0x00000006cd800000)
 Metaspace       used 33460K, capacity 35287K, committed 35416K, reserved 1081344K
  class space    used 4163K, capacity 4480K, committed 4480K, reserved 1048576K
Event: 20.781 GC heap after
Heap after GC invocations=9 (full 2):
 PSYoungGen      total 201216K, used 0K [0x000000076d180000, 0x000000077f680000, 0x00000007c0000000)
  eden space 190464K, 0% used [0x000000076d180000,0x000000076d180000,0x0000000778b80000)
  from space 10752K, 0% used [0x0000000778b80000,0x0000000778b80000,0x0000000779600000)
  to   space 11264K, 0% used [0x000000077eb80000,0x000000077eb80000,0x000000077f680000)
 ParOldGen       total 159232K, used 14054K [0x00000006c7400000, 0x00000006d0f80000, 0x000000076d180000)
  object space 159232K, 8% used [0x00000006c7400000,0x00000006c81b9bf0,0x00000006d0f80000)
 Metaspace       used 33460K, capacity 35287K, committed 35416K, reserved 1081344K
  class space    used 4163K, capacity 4480K, committed 4480K, reserved 1048576K
}
Event: 26.905 GC heap before
{Heap before GC invocations=10 (full 2):
 PSYoungGen      total 201216K, used 190464K [0x000000076d180000, 0x000000077f680000, 0x00000007c0000000)
  eden space 190464K, 100% used [0x000000076d180000,0x0000000778b80000,0x0000000778b80000)
  from space 10752K, 0% used [0x0000000778b80000,0x0000000778b80000,0x0000000779600000)
  to   space 11264K, 0% used [0x000000077eb80000,0x000000077eb80000,0x000000077f680000)
 ParOldGen       total 159232K, used 14054K [0x00000006c7400000, 0x00000006d0f80000, 0x000000076d180000)
  object space 159232K, 8% used [0x00000006c7400000,0x00000006c81b9bf0,0x00000006d0f80000)
 Metaspace       used 42999K, capacity 45027K, committed 45400K, reserved 1089536K
  class space    used 5519K, capacity 5901K, committed 6016K, reserved 1048576K
Event: 27.002 GC heap after
Heap after GC invocations=10 (full 2):
 PSYoungGen      total 287744K, used 11220K [0x000000076d180000, 0x000000077fc00000, 0x00000007c0000000)
  eden space 276480K, 0% used [0x000000076d180000,0x000000076d180000,0x000000077df80000)
  from space 11264K, 99% used [0x000000077eb80000,0x000000077f675338,0x000000077f680000)
  to   space 12288K, 0% used [0x000000077df80000,0x000000077df80000,0x000000077eb80000)
 ParOldGen       total 159232K, used 14062K [0x00000006c7400000, 0x00000006d0f80000, 0x000000076d180000)
  object space 159232K, 8% used [0x00000006c7400000,0x00000006c81bbbf0,0x00000006d0f80000)
 Metaspace       used 42999K, capacity 45027K, committed 45400K, reserved 1089536K
  class space    used 5519K, capacity 5901K, committed 6016K, reserved 1048576K
}

Deoptimization events (10 events):
Event: 37.909 Thread 0x00007f4cf8004800 Uncommon trap: reason=range_check action=none pc=0x00007f4d65347aac method=sun.reflect.generics.parser.SignatureParser.current()C @ 34
Event: 37.941 Thread 0x00007f4cf8004800 Uncommon trap: reason=range_check action=none pc=0x00007f4d65347aac method=sun.reflect.generics.parser.SignatureParser.current()C @ 34
Event: 38.062 Thread 0x00007f4cf8004800 Uncommon trap: reason=unhandled action=none pc=0x00007f4d6518be1c method=java.net.URLClassLoader.findClass(Ljava/lang/String;)Ljava/lang/Class; @ 44
Event: 38.063 Thread 0x00007f4cf8004800 Uncommon trap: reason=unhandled action=none pc=0x00007f4d6518be1c method=java.net.URLClassLoader.findClass(Ljava/lang/String;)Ljava/lang/Class; @ 44
Event: 38.064 Thread 0x00007f4cf8004800 Uncommon trap: reason=unhandled action=none pc=0x00007f4d6518be1c method=java.net.URLClassLoader.findClass(Ljava/lang/String;)Ljava/lang/Class; @ 44
Event: 38.064 Thread 0x00007f4cf8004800 Uncommon trap: reason=unhandled action=none pc=0x00007f4d6518be1c method=java.net.URLClassLoader.findClass(Ljava/lang/String;)Ljava/lang/Class; @ 44
Event: 38.065 Thread 0x00007f4cf8004800 Uncommon trap: reason=unhandled action=none pc=0x00007f4d6518be1c method=java.net.URLClassLoader.findClass(Ljava/lang/String;)Ljava/lang/Class; @ 44
Event: 38.065 Thread 0x00007f4cf8004800 Uncommon trap: reason=unhandled action=none pc=0x00007f4d6518be1c method=java.net.URLClassLoader.findClass(Ljava/lang/String;)Ljava/lang/Class; @ 44
Event: 38.081 Thread 0x00007f4cf8004800 Uncommon trap: reason=unhandled action=none pc=0x00007f4d6518be1c method=java.net.URLClassLoader.findClass(Ljava/lang/String;)Ljava/lang/Class; @ 44
Event: 38.088 Thread 0x00007f4cf8004800 Uncommon trap: reason=unhandled action=none pc=0x00007f4d6518be1c method=java.net.URLClassLoader.findClass(Ljava/lang/String;)Ljava/lang/Class; @ 44

Classes redefined (0 events):
No events

Internal exceptions (10 events):
Event: 37.199 Thread 0x00007f4cf8004800 Exception <a 'java/lang/NoSuchMethodError': java.lang.Object.lambda$direct$1(Lorg/springframework/data/repository/core/support/MethodLookup$MethodPredicate;)Ljava/util/List;> (0x000000077b875130) thrown at [/scratch/jenkins/workspace/8-2-build-linux-amd64
Event: 37.210 Thread 0x00007f4cf8004800 Exception <a 'java/lang/NoSuchMethodError': java.lang.Object.lambda$and$0(Lorg/springframework/data/repository/core/support/MethodLookup;)Ljava/util/List;> (0x000000077b8a0d28) thrown at [/scratch/jenkins/workspace/8-2-build-linux-amd64/jdk8u261/295/hotsp
Event: 37.256 Thread 0x00007f4cf8004800 Exception <a 'java/lang/IncompatibleClassChangeError': Found class java.lang.Object, but interface was expected> (0x000000077b9b9390) thrown at [/scratch/jenkins/workspace/8-2-build-linux-amd64/jdk8u261/295/hotspot/src/share/vm/interpreter/linkResolver.cp
Event: 37.463 Thread 0x00007f4cf8004800 Exception <a 'java/lang/ArrayIndexOutOfBoundsException': 129> (0x000000077be96b20) thrown at [/scratch/jenkins/workspace/8-2-build-linux-amd64/jdk8u261/295/hotspot/src/share/vm/interpreter/interpreterRuntime.cpp, line 368]
Event: 37.754 Thread 0x00007f4cf8004800 Exception <a 'java/lang/ArrayIndexOutOfBoundsException': 151> (0x000000077c597b98) thrown at [/scratch/jenkins/workspace/8-2-build-linux-amd64/jdk8u261/295/hotspot/src/share/vm/interpreter/interpreterRuntime.cpp, line 368]
Event: 37.754 Thread 0x00007f4cf8004800 Exception <a 'java/lang/ArrayIndexOutOfBoundsException': 82> (0x000000077c5990d8) thrown at [/scratch/jenkins/workspace/8-2-build-linux-amd64/jdk8u261/295/hotspot/src/share/vm/interpreter/interpreterRuntime.cpp, line 368]
Event: 37.833 Thread 0x00007f4cf8004800 Exception <a 'java/lang/ClassNotFoundException': java/lang/ObjectCustomizer> (0x000000077c6a49d8) thrown at [/scratch/jenkins/workspace/8-2-build-linux-amd64/jdk8u261/295/hotspot/src/share/vm/classfile/systemDictionary.cpp, line 210]
Event: 37.838 Thread 0x00007f4cf8004800 Exception <a 'java/lang/ClassNotFoundException': com/springcar/app/models/entity/CarMakeCustomizer> (0x000000077c6c2960) thrown at [/scratch/jenkins/workspace/8-2-build-linux-amd64/jdk8u261/295/hotspot/src/share/vm/classfile/systemDictionary.cpp, line 210
Event: 37.909 Thread 0x00007f4cf8004800 Exception <a 'java/lang/ArrayIndexOutOfBoundsException': 119> (0x000000077c760cd0) thrown at [/scratch/jenkins/workspace/8-2-build-linux-amd64/jdk8u261/295/hotspot/src/share/vm/interpreter/interpreterRuntime.cpp, line 368]
Event: 37.941 Thread 0x00007f4cf8004800 Exception <a 'java/lang/ArrayIndexOutOfBoundsException': 83> (0x000000077c77bb98) thrown at [/scratch/jenkins/workspace/8-2-build-linux-amd64/jdk8u261/295/hotspot/src/share/vm/interpreter/interpreterRuntime.cpp, line 368]

Events (10 events):
Event: 38.094 Executing VM operation: ChangeBreakpoints
Event: 38.099 Executing VM operation: ChangeBreakpoints done
Event: 38.100 Thread 0x00007f4d74748000 flushing nmethod 0x00007f4d654eefd0
Event: 38.101 Executing VM operation: ChangeBreakpoints
Event: 38.105 Executing VM operation: ChangeBreakpoints done
Event: 38.119 Thread 0x00007f4d74748000 flushing nmethod 0x00007f4d65718890
Event: 38.119 Thread 0x00007f4d74748000 flushing nmethod 0x00007f4d6573a750
Event: 38.123 Thread 0x00007f4d74748000 flushing nmethod 0x00007f4d657f9450
Event: 38.123 Thread 0x00007f4d74748000 flushing nmethod 0x00007f4d65849890
Event: 38.128 Executing VM operation: ChangeBreakpoints


Dynamic libraries:
6c7400000-6d0f80000 rw-p 00000000 00:00 0 
6d0f80000-76d180000 ---p 00000000 00:00 0 
76d180000-77fc00000 rw-p 00000000 00:00 0 
77fc00000-7c0000000 ---p 00000000 00:00 0 
7c0000000-7c07e0000 rw-p 00000000 00:00 0 
7c07e0000-800000000 ---p 00000000 00:00 0 
55752c138000-55752c139000 r-xp 00000000 08:02 18357662                   /home/rahil78626/jdk1.8.0_261/bin/java
55752c338000-55752c339000 r--p 00000000 08:02 18357662                   /home/rahil78626/jdk1.8.0_261/bin/java
55752c339000-55752c33a000 rw-p 00001000 08:02 18357662                   /home/rahil78626/jdk1.8.0_261/bin/java
55752c414000-55752c435000 rw-p 00000000 00:00 0                          [heap]
7f4cdc000000-7f4cdc021000 rw-p 00000000 00:00 0 
7f4cdc021000-7f4ce0000000 ---p 00000000 00:00 0 
7f4ce0000000-7f4ce0021000 rw-p 00000000 00:00 0 
7f4ce0021000-7f4ce4000000 ---p 00000000 00:00 0 
7f4ce4000000-7f4ce4021000 rw-p 00000000 00:00 0 
7f4ce4021000-7f4ce8000000 ---p 00000000 00:00 0 
7f4ce8000000-7f4ce8021000 rw-p 00000000 00:00 0 
7f4ce8021000-7f4cec000000 ---p 00000000 00:00 0 
7f4cec000000-7f4cec021000 rw-p 00000000 00:00 0 
7f4cec021000-7f4cf0000000 ---p 00000000 00:00 0 
7f4cf0000000-7f4cf0ab9000 rw-p 00000000 00:00 0 
7f4cf0ab9000-7f4cf4000000 ---p 00000000 00:00 0 
7f4cf527c000-7f4cf543c000 rw-p 00000000 00:00 0 
7f4cf543c000-7f4cf547c000 ---p 00000000 00:00 0 
7f4cf547c000-7f4cf567c000 rw-p 00000000 00:00 0 
7f4cf567c000-7f4cf587c000 rw-p 00000000 00:00 0 
7f4cf587c000-7f4cf5a7c000 rw-p 00000000 00:00 0 
7f4cf5a7c000-7f4cf5c7c000 rw-p 00000000 00:00 0 
7f4cf5c7c000-7f4cf5c7f000 ---p 00000000 00:00 0 
7f4cf5c7f000-7f4cf5d7d000 rw-p 00000000 00:00 0 
7f4cf5d7d000-7f4cf5d80000 ---p 00000000 00:00 0 
7f4cf5d80000-7f4cf5e7e000 rw-p 00000000 00:00 0 
7f4cf5e7e000-7f4cf5e81000 ---p 00000000 00:00 0 
7f4cf5e81000-7f4cf617f000 rw-p 00000000 00:00 0 
7f4cf624a000-7f4cf644a000 rw-p 00000000 00:00 0 
7f4cf644a000-7f4cf664a000 rw-p 00000000 00:00 0 
7f4cf664a000-7f4cf684a000 rw-p 00000000 00:00 0 
7f4cf684a000-7f4cf6a40000 rw-p 00000000 00:00 0 
7f4cf6a40000-7f4cf6a4a000 ---p 00000000 00:00 0 
7f4cf6a4a000-7f4cf6c4a000 rw-p 00000000 00:00 0 
7f4cf6cfa000-7f4cf6efa000 rw-p 00000000 00:00 0 
7f4cf6efa000-7f4cf70fa000 rw-p 00000000 00:00 0 
7f4cf70fa000-7f4cf72fa000 rw-p 00000000 00:00 0 
7f4cf72fa000-7f4cf74fa000 rw-p 00000000 00:00 0 
7f4cf7546000-7f4cf7549000 ---p 00000000 00:00 0 
7f4cf7549000-7f4cf7847000 rw-p 00000000 00:00 0 
7f4cf78ff000-7f4cf7902000 ---p 00000000 00:00 0 
7f4cf7902000-7f4cf7c00000 rw-p 00000000 00:00 0 
7f4cf7c00000-7f4cf7e00000 rw-p 00000000 00:00 0 
7f4cf7e00000-7f4cf8000000 rw-p 00000000 00:00 0 
7f4cf8000000-7f4cf8021000 rw-p 00000000 00:00 0 
7f4cf8021000-7f4cfc000000 ---p 00000000 00:00 0 
7f4cfc000000-7f4cfedb3000 rw-p 00000000 00:00 0 
7f4cfedb3000-7f4d00000000 ---p 00000000 00:00 0 
7f4d00000000-7f4d00021000 rw-p 00000000 00:00 0 
7f4d00021000-7f4d04000000 ---p 00000000 00:00 0 
7f4d04000000-7f4d04021000 rw-p 00000000 00:00 0 
7f4d04021000-7f4d08000000 ---p 00000000 00:00 0 
7f4d08000000-7f4d0a9e1000 rw-p 00000000 00:00 0 
7f4d0a9e1000-7f4d0c000000 ---p 00000000 00:00 0 
7f4d0c000000-7f4d0cfb9000 rw-p 00000000 00:00 0 
7f4d0cfb9000-7f4d10000000 ---p 00000000 00:00 0 
7f4d10000000-7f4d12cd0000 rw-p 00000000 00:00 0 
7f4d12cd0000-7f4d14000000 ---p 00000000 00:00 0 
7f4d14000000-7f4d177ed000 rw-p 00000000 00:00 0 
7f4d177ed000-7f4d18000000 ---p 00000000 00:00 0 
7f4d18000000-7f4d18021000 rw-p 00000000 00:00 0 
7f4d18021000-7f4d1c000000 ---p 00000000 00:00 0 
7f4d1c000000-7f4d1c021000 rw-p 00000000 00:00 0 
7f4d1c021000-7f4d20000000 ---p 00000000 00:00 0 
7f4d20000000-7f4d20021000 rw-p 00000000 00:00 0 
7f4d20021000-7f4d24000000 ---p 00000000 00:00 0 
7f4d24000000-7f4d24021000 rw-p 00000000 00:00 0 
7f4d24021000-7f4d28000000 ---p 00000000 00:00 0 
7f4d28000000-7f4d28021000 rw-p 00000000 00:00 0 
7f4d28021000-7f4d2c000000 ---p 00000000 00:00 0 
7f4d2c000000-7f4d2c021000 rw-p 00000000 00:00 0 
7f4d2c021000-7f4d30000000 ---p 00000000 00:00 0 
7f4d30000000-7f4d30427000 rw-p 00000000 00:00 0 
7f4d30427000-7f4d34000000 ---p 00000000 00:00 0 
7f4d34095000-7f4d34098000 ---p 00000000 00:00 0 
7f4d34098000-7f4d34196000 rw-p 00000000 00:00 0 
7f4d34196000-7f4d3419f000 r-xp 00000000 08:02 17960508                   /home/rahil78626/jdk1.8.0_261/jre/lib/amd64/libmanagement.so
7f4d3419f000-7f4d3439e000 ---p 00009000 08:02 17960508                   /home/rahil78626/jdk1.8.0_261/jre/lib/amd64/libmanagement.so
7f4d3439e000-7f4d3439f000 r--p 00008000 08:02 17960508                   /home/rahil78626/jdk1.8.0_261/jre/lib/amd64/libmanagement.so
7f4d3439f000-7f4d343a0000 rw-p 00009000 08:02 17960508                   /home/rahil78626/jdk1.8.0_261/jre/lib/amd64/libmanagement.so
7f4d343a0000-7f4d3c000000 rw-p 00000000 00:00 0 
7f4d3c000000-7f4d3c021000 rw-p 00000000 00:00 0 
7f4d3c021000-7f4d40000000 ---p 00000000 00:00 0 
7f4d40000000-7f4d40021000 rw-p 00000000 00:00 0 
7f4d40021000-7f4d44000000 ---p 00000000 00:00 0 
7f4d44000000-7f4d44021000 rw-p 00000000 00:00 0 
7f4d44021000-7f4d48000000 ---p 00000000 00:00 0 
7f4d48000000-7f4d48021000 rw-p 00000000 00:00 0 
7f4d48021000-7f4d4c000000 ---p 00000000 00:00 0 
7f4d4c000000-7f4d4c021000 rw-p 00000000 00:00 0 
7f4d4c021000-7f4d50000000 ---p 00000000 00:00 0 
7f4d50039000-7f4d500cf000 r--s 0110e000 08:02 13373204                   /home/rahil78626/jdk1.8.0_261/jre/lib/ext/jfxrt.jar
7f4d500cf000-7f4d530d0000 rw-p 00000000 00:00 0 
7f4d530d0000-7f4d530e6000 r-xp 00000000 08:02 17960612                   /home/rahil78626/jdk1.8.0_261/jre/lib/amd64/libnet.so
7f4d530e6000-7f4d532e5000 ---p 00016000 08:02 17960612                   /home/rahil78626/jdk1.8.0_261/jre/lib/amd64/libnet.so
7f4d532e5000-7f4d532e6000 r--p 00015000 08:02 17960612                   /home/rahil78626/jdk1.8.0_261/jre/lib/amd64/libnet.so
7f4d532e6000-7f4d532e7000 rw-p 00016000 08:02 17960612                   /home/rahil78626/jdk1.8.0_261/jre/lib/amd64/libnet.so
7f4d532e7000-7f4d532f8000 r-xp 00000000 08:02 17959869                   /home/rahil78626/jdk1.8.0_261/jre/lib/amd64/libnio.so
7f4d532f8000-7f4d534f7000 ---p 00011000 08:02 17959869                   /home/rahil78626/jdk1.8.0_261/jre/lib/amd64/libnio.so
7f4d534f7000-7f4d534f8000 r--p 00010000 08:02 17959869                   /home/rahil78626/jdk1.8.0_261/jre/lib/amd64/libnio.so
7f4d534f8000-7f4d534f9000 rw-p 00011000 08:02 17959869                   /home/rahil78626/jdk1.8.0_261/jre/lib/amd64/libnio.so
7f4d534f9000-7f4d536f9000 rw-p 00000000 00:00 0 
7f4d536f9000-7f4d536fc000 ---p 00000000 00:00 0 
7f4d536fc000-7f4d537fa000 rw-p 00000000 00:00 0 
7f4d537fa000-7f4d537fd000 ---p 00000000 00:00 0 
7f4d537fd000-7f4d53afb000 rw-p 00000000 00:00 0 
7f4d53afb000-7f4d53afc000 ---p 00000000 00:00 0 
7f4d53afc000-7f4d53bfc000 rw-p 00000000 00:00 0 
7f4d53bfc000-7f4d53bff000 ---p 00000000 00:00 0 
7f4d53bff000-7f4d53cfd000 rw-p 00000000 00:00 0 
7f4d53cfd000-7f4d53cfe000 ---p 00000000 00:00 0 
7f4d53cfe000-7f4d53d01000 ---p 00000000 00:00 0 
7f4d53d01000-7f4d53dfe000 rw-p 00000000 00:00 0 
7f4d53dfe000-7f4d53dff000 ---p 00000000 00:00 0 
7f4d53dff000-7f4d53e02000 ---p 00000000 00:00 0 
7f4d53e02000-7f4d53eff000 rw-p 00000000 00:00 0 
7f4d53eff000-7f4d53f00000 ---p 00000000 00:00 0 
7f4d53f00000-7f4d53f03000 ---p 00000000 00:00 0 
7f4d53f03000-7f4d54000000 rw-p 00000000 00:00 0 
7f4d54000000-7f4d54021000 rw-p 00000000 00:00 0 
7f4d54021000-7f4d58000000 ---p 00000000 00:00 0 
7f4d58000000-7f4d58021000 rw-p 00000000 00:00 0 
7f4d58021000-7f4d5c000000 ---p 00000000 00:00 0 
7f4d5c000000-7f4d5c021000 rw-p 00000000 00:00 0 
7f4d5c021000-7f4d60000000 ---p 00000000 00:00 0 
7f4d60070000-7f4d60075000 r--s 002f9000 08:02 13242820                   /home/rahil78626/jdk1.8.0_261/jre/lib/charsets.jar
7f4d60075000-7f4d60076000 ---p 00000000 00:00 0 
7f4d60076000-7f4d60079000 ---p 00000000 00:00 0 
7f4d60079000-7f4d60176000 rw-p 00000000 00:00 0 
7f4d60176000-7f4d60188000 r--s 00353000 08:02 13242821                   /home/rahil78626/jdk1.8.0_261/jre/lib/resources.jar
7f4d60188000-7f4d6018b000 r--s 0001a000 08:02 13242831                   /home/rahil78626/jdk1.8.0_261/jre/lib/jce.jar
7f4d6018b000-7f4d6019c000 r--s 001c0000 08:02 13242818                   /home/rahil78626/jdk1.8.0_261/jre/lib/jsse.jar
7f4d6019c000-7f4d6019f000 r--s 00021000 08:02 14552382                   /home/rahil78626/Downloads/eclipse/configuration/org.eclipse.osgi/406/0/.cp/lib/javaagent-shaded.jar
7f4d6019f000-7f4d601b7000 r--s 001c0000 08:02 22940796                   /home/rahil78626/.m2/repository/org/projectlombok/lombok/1.18.20/lombok-1.18.20.jar
7f4d601b7000-7f4d601bf000 r--s 00078000 08:02 23206493                   /home/rahil78626/.m2/repository/org/apache/commons/commons-lang3/3.10/commons-lang3-3.10.jar
7f4d601bf000-7f4d601c1000 r--s 0000a000 08:02 2099585                    /home/rahil78626/.m2/repository/org/thymeleaf/extras/thymeleaf-extras-springsecurity5/3.0.4.RELEASE/thymeleaf-extras-springsecurity5-3.0.4.RELEASE.jar
7f4d601c1000-7f4d601c5000 r--s 00015000 08:02 24253220                   /home/rahil78626/.m2/repository/com/github/virtuald/curvesapi/1.04/curvesapi-1.04.jar
7f4d601c5000-7f4d601c7000 r--s 00005000 08:02 24253218                   /home/rahil78626/.m2/repository/stax/stax-api/1.0.1/stax-api-1.0.1.jar
7f4d601c7000-7f4d60205000 r--s 0025d000 08:02 24253216                   /home/rahil78626/.m2/repository/org/apache/xmlbeans/xmlbeans/2.6.0/xmlbeans-2.6.0.jar
7f4d60205000-7f4d602c0000 r--s 004ec000 08:02 24121341                   /home/rahil78626/.m2/repository/org/apache/poi/poi-ooxml-schemas/3.17/poi-ooxml-schemas-3.17.jar
7f4d602c0000-7f4d602d3000 r--s 00157000 08:02 24121339                   /home/rahil78626/.m2/repository/org/apache/poi/poi-ooxml/3.17/poi-ooxml-3.17.jar
7f4d602d3000-7f4d602e3000 r--s 000a8000 08:02 24121336                   /home/rahil78626/.m2/repository/org/apache/commons/commons-collections4/4.1/commons-collections4-4.1.jar
7f4d602e3000-7f4d602ea000 r--s 0004e000 08:02 23206492                   /home/rahil78626/.m2/repository/commons-codec/commons-codec/1.14/commons-codec-1.14.jar
7f4d602ea000-7f4d60316000 r--s 00268000 08:02 24121334                   /home/rahil78626/.m2/repository/org/apache/poi/poi/3.17/poi-3.17.jar
7f4d60316000-7f4d60318000 r--s 0000f000 08:02 24121332                   /home/rahil78626/.m2/repository/commons-fileupload/commons-fileupload/1.3/commons-fileupload-1.3.jar
7f4d60318000-7f4d6031c000 r--s 00031000 08:02 18226322                   /home/rahil78626/.m2/repository/commons-io/commons-io/2.6/commons-io-2.6.jar
7f4d6031c000-7f4d60321000 r--s 00012000 08:02 23076084                   /home/rahil78626/.m2/repository/javax/validation/validation-api/2.0.1.Final/validation-api-2.0.1.Final.jar
7f4d60321000-7f4d60325000 r--s 00018000 08:02 2099496                    /home/rahil78626/.m2/repository/com/fasterxml/jackson/datatype/jackson-datatype-jsr310/2.11.4/jackson-datatype-jsr310-2.11.4.jar
7f4d60325000-7f4d60329000 r--s 00052000 08:02 2099494                    /home/rahil78626/.m2/repository/com/fasterxml/jackson/core/jackson-core/2.11.4/jackson-core-2.11.4.jar
7f4d60329000-7f4d6032c000 r--s 0000f000 08:02 2099570                    /home/rahil78626/.m2/repository/com/fasterxml/jackson/core/jackson-annotations/2.11.4/jackson-annotations-2.11.4.jar
7f4d6032c000-7f4d60342000 r--s 00146000 08:02 2099490                    /home/rahil78626/.m2/repository/com/fasterxml/jackson/core/jackson-databind/2.11.4/jackson-databind-2.11.4.jar
7f4d60342000-7f4d60345000 r--s 00014000 08:02 23986211                   /home/rahil78626/.m2/repository/org/springframework/security/spring-security-acl/5.3.9.RELEASE/spring-security-acl-5.3.9.RELEASE.jar
7f4d60345000-7f4d60346000 r--s 00004000 08:02 23855215                   /home/rahil78626/.m2/repository/org/springframework/security/spring-security-taglibs/5.3.9.RELEASE/spring-security-taglibs-5.3.9.RELEASE.jar
7f4d60346000-7f4d60358000 r--s 000f7000 08:02 23206514                   /home/rahil78626/.m2/repository/org/springframework/security/spring-security-config/5.3.9.RELEASE/spring-security-config-5.3.9.RELEASE.jar
7f4d60358000-7f4d60367000 r--s 0007c000 08:02 23206513                   /home/rahil78626/.m2/repository/org/springframework/security/spring-security-web/5.3.9.RELEASE/spring-security-web-5.3.9.RELEASE.jar
7f4d60367000-7f4d6036c000 r--s 00040000 08:02 22815426                   /home/rahil78626/.m2/repository/org/springframework/spring-expression/5.2.15.RELEASE/spring-expression-5.2.15.RELEASE.jar
7f4d6036c000-7f4d60379000 r--s 00060000 08:02 23206496                   /home/rahil78626/.m2/repository/org/springframework/security/spring-security-core/5.3.9.RELEASE/spring-security-core-5.3.9.RELEASE.jar
7f4d60379000-7f4d6037a000 r--s 00001000 08:02 23206490                   /home/rahil78626/.m2/repository/org/springframework/boot/spring-boot-starter-security/2.3.12.RELEASE/spring-boot-starter-security-2.3.12.RELEASE.jar
7f4d6037a000-7f4d6037d000 r--s 00011000 08:02 23077719                   /home/rahil78626/.m2/repository/org/springframework/security/spring-security-crypto/5.3.9.RELEASE/spring-security-crypto-5.3.9.RELEASE.jar
7f4d6037d000-7f4d60397000 r--s 00237000 08:02 4332661                    /home/rahil78626/.m2/repository/mysql/mysql-connector-java/8.0.25/mysql-connector-java-8.0.25.jar
7f4d60397000-7f4d60398000 r--s 00000000 08:02 22942064                   /home/rahil78626/.m2/repository/org/hibernate/hibernate-entitymanager/5.3.2.Final/hibernate-entitymanager-5.3.2.Final.jar
7f4d60398000-7f4d603a8000 r--s 000a1000 08:02 22165718                   /home/rahil78626/.m2/repository/org/hibernate/hibernate-validator/5.3.2.Final/hibernate-validator-5.3.2.Final.jar
7f4d603a8000-7f4d603ab000 r--s 00010000 08:02 22681308                   /home/rahil78626/.m2/repository/org/hibernate/common/hibernate-commons-annotations/5.0.4.Final/hibernate-commons-annotations-5.0.4.Final.jar
7f4d603ab000-7f4d603b0000 r--s 00048000 08:02 14681758                   /home/rahil78626/.m2/repository/dom4j/dom4j/1.6.1/dom4j-1.6.1.jar
7f4d603b0000-7f4d603b2000 r--s 0000c000 08:02 22294333                   /home/rahil78626/.m2/repository/javax/activation/javax.activation-api/1.2.0/javax.activation-api-1.2.0.jar
7f4d603b2000-7f4d603b4000 r--s 0000f000 08:02 2100146                    /home/rahil78626/.m2/repository/com/fasterxml/classmate/1.5.1/classmate-1.5.1.jar
7f4d603b4000-7f4d603b7000 r--s 0002b000 08:02 22554766                   /home/rahil78626/.m2/repository/org/jboss/jandex/2.0.5.Final/jandex-2.0.5.Final.jar
7f4d603b7000-7f4d603b9000 r--s 00005000 08:02 21894844                   /home/rahil78626/.m2/repository/org/jboss/spec/javax/transaction/jboss-transaction-api_1.2_spec/1.1.1.Final/jboss-transaction-api_1.2_spec-1.1.1.Final.jar
7f4d603b9000-7f4d603be000 r--s 00068000 08:02 14681751                   /home/rahil78626/.m2/repository/antlr/antlr/2.7.7/antlr-2.7.7.jar
7f4d603be000-7f4d60409000 r--s 0030f000 08:02 2099539                    /home/rahil78626/.m2/repository/net/bytebuddy/byte-buddy/1.10.22/byte-buddy-1.10.22.jar
7f4d60409000-7f4d60413000 r--s 000ab000 08:02 1180474                    /home/rahil78626/.m2/repository/org/javassist/javassist/3.22.0-GA/javassist-3.22.0-GA.jar
7f4d60413000-7f4d60419000 r--s 00023000 08:02 22422292                   /home/rahil78626/.m2/repository/javax/persistence/javax.persistence-api/2.2/javax.persistence-api-2.2.jar
7f4d60419000-7f4d6041b000 r--s 0000d000 08:02 22944482                   /home/rahil78626/.m2/repository/org/jboss/logging/jboss-logging/3.4.2.Final/jboss-logging-3.4.2.Final.jar
7f4d6041b000-7f4d6049d000 r--s 0061e000 08:02 22294347                   /home/rahil78626/.m2/repository/org/hibernate/hibernate-core/5.3.2.Final/hibernate-core-5.3.2.Final.jar
7f4d6049d000-7f4d604a6000 r--s 0005b000 08:02 22944477                   /home/rahil78626/.m2/repository/org/springframework/spring-jdbc/5.2.15.RELEASE/spring-jdbc-5.2.15.RELEASE.jar
7f4d604a6000-7f4d604ab000 r--s 0002d000 08:02 23077640                   /home/rahil78626/.m2/repository/org/springframework/spring-orm/5.2.15.RELEASE/spring-orm-5.2.15.RELEASE.jar
7f4d604ab000-7f4d604ad000 r--s 00009000 08:02 25039183                   /home/rahil78626/.m2/repository/org/slf4j/slf4j-api/1.7.30/slf4j-api-1.7.30.jar
7f4d604ad000-7f4d604b1000 r--s 0001a000 08:02 23206642                   /home/rahil78626/.m2/repository/org/aspectj/aspectjrt/1.9.6/aspectjrt-1.9.6.jar
7f4d604b1000-7f4d604b2000 r--s 00005000 08:02 25169248                   /home/rahil78626/.m2/repository/org/springframework/spring-jcl/5.2.15.RELEASE/spring-jcl-5.2.15.RELEASE.jar
7f4d604b2000-7f4d604ce000 r--s 00146000 08:02 22684352                   /home/rahil78626/.m2/repository/org/springframework/spring-core/5.2.15.RELEASE/spring-core-5.2.15.RELEASE.jar
7f4d604ce000-7f4d604db000 r--s 0009c000 08:02 22684349                   /home/rahil78626/.m2/repository/org/springframework/spring-beans/5.2.15.RELEASE/spring-beans-5.2.15.RELEASE.jar
7f4d604db000-7f4d604e4000 r--s 00044000 08:02 22944479                   /home/rahil78626/.m2/repository/org/springframework/spring-tx/5.2.15.RELEASE/spring-tx-5.2.15.RELEASE.jar
7f4d604e4000-7f4d604ee000 r--s 00052000 08:02 22684353                   /home/rahil78626/.m2/repository/org/springframework/spring-aop/5.2.15.RELEASE/spring-aop-5.2.15.RELEASE.jar
7f4d604ee000-7f4d60509000 r--s 00112000 08:02 22684348                   /home/rahil78626/.m2/repository/org/springframework/spring-context/5.2.15.RELEASE/spring-context-5.2.15.RELEASE.jar
7f4d60509000-7f4d60521000 r--s 00111000 08:02 23077635                   /home/rahil78626/.m2/repository/org/springframework/data/spring-data-commons/2.3.9.RELEASE/spring-data-commons-2.3.9.RELEASE.jar
7f4d60521000-7f4d60529000 r--s 00053000 08:02 23077634                   /home/rahil78626/.m2/repository/org/springframework/data/spring-data-jpa/2.3.9.RELEASE/spring-data-jpa-2.3.9.RELEASE.jar
7f4d60529000-7f4d60554000 r--s 00141000 08:02 22815429                   /home/rahil78626/.m2/repository/org/springframework/boot/spring-boot-autoconfigure/2.3.12.RELEASE/spring-boot-autoconfigure-2.3.12.RELEASE.jar
7f4d60554000-7f4d6056d000 r--s 000fb000 08:02 22419183                   /home/rahil78626/.m2/repository/org/springframework/boot/spring-boot/2.3.12.RELEASE/spring-boot-2.3.12.RELEASE.jar
7f4d6056d000-7f4d60573000 r--s 00031000 08:02 5637062                    /home/rahil78626/.m2/repository/org/springframework/boot/spring-boot-devtools/2.3.12.RELEASE/spring-boot-devtools-2.3.12.RELEASE.jar
7f4d60573000-7f4d60588000 r--s 0021e000 08:02 25039245                   /home/rahil78626/.m2/repository/com/h2database/h2/1.4.200/h2-1.4.200.jar
7f4d60588000-7f4d6059a000 r--s 000d8000 08:02 23077704                   /home/rahil78626/.m2/repository/org/springframework/spring-webmvc/5.2.15.RELEASE/spring-webmvc-5.2.15.RELEASE.jar
7f4d6059a000-7f4d605b6000 r--s 00145000 08:02 23077703                   /home/rahil78626/.m2/repository/org/springframework/spring-web/5.2.15.RELEASE/spring-web-5.2.15.RELEASE.jar
7f4d605b6000-7f4d605bc000 r--s 0003e000 08:02 23077654                   /home/rahil78626/.m2/repository/org/apache/tomcat/embed/tomcat-embed-websocket/9.0.46/tomcat-embed-websocket-9.0.46.jar
7f4d605bc000-7f4d605c1000 r--s 00036000 08:02 25039233                   /home/rahil78626/.m2/repository/org/glassfish/jakarta.el/3.0.3/jakarta.el-3.0.3.jar
7f4d605c1000-7f4d605ea000 r--s 00315000 08:02 23077653                   /home/rahil78626/.m2/repository/org/apache/tomcat/embed/tomcat-embed-core/9.0.46/tomcat-embed-core-9.0.46.jar
7f4d605ea000-7f4d605eb000 r--s 00001000 08:02 23077650                   /home/rahil78626/.m2/repository/org/springframework/boot/spring-boot-starter-tomcat/2.3.12.RELEASE/spring-boot-starter-tomcat-2.3.12.RELEASE.jar
7f4d605eb000-7f4d605ed000 r--s 00001000 08:02 2099498                    /home/rahil78626/.m2/repository/com/fasterxml/jackson/module/jackson-module-parameter-names/2.11.4/jackson-module-parameter-names-2.11.4.jar
7f4d605ed000-7f4d605ef000 r--s 00007000 08:02 2099481                    /home/rahil78626/.m2/repository/com/fasterxml/jackson/datatype/jackson-datatype-jdk8/2.11.4/jackson-datatype-jdk8-2.11.4.jar
7f4d605ef000-7f4d605f0000 r--s 00001000 08:02 25169246                   /home/rahil78626/.m2/repository/org/springframework/boot/spring-boot-starter-json/2.3.12.RELEASE/spring-boot-starter-json-2.3.12.RELEASE.jar
7f4d605f0000-7f4d605f1000 r--s 00001000 08:02 23077649                   /home/rahil78626/.m2/repository/org/springframework/boot/spring-boot-starter-web/2.3.12.RELEASE/spring-boot-starter-web-2.3.12.RELEASE.jar
7f4d605f1000-7f4d605f4000 r--s 00028000 08:02 14682229                   /home/rahil78626/.m2/repository/org/unbescape/unbescape/1.1.6.RELEASE/unbescape-1.1.6.RELEASE.jar
7f4d605f4000-7f4d605f9000 r--s 00037000 08:02 14682228                   /home/rahil78626/.m2/repository/org/attoparser/attoparser/2.0.5.RELEASE/attoparser-2.0.5.RELEASE.jar
7f4d605f9000-7f4d605fd000 r--s 0003d000 08:02 21672188                   /home/rahil78626/.m2/repository/ognl/ognl/3.1.26/ognl-3.1.26.jar
7f4d605fd000-7f4d6060d000 r--s 000c4000 08:02 2099584                    /home/rahil78626/.m2/repository/org/thymeleaf/thymeleaf/3.0.12.RELEASE/thymeleaf-3.0.12.RELEASE.jar
7f4d6060d000-7f4d60667000 r--s 00505000 08:02 23077648                   /home/rahil78626/.m2/repository/org/codehaus/groovy/groovy/2.5.14/groovy-2.5.14.jar
7f4d60667000-7f4d60668000 r--s 00001000 08:02 14682237                   /home/rahil78626/.m2/repository/nz/net/ultraq/thymeleaf/thymeleaf-expression-processor/1.1.3/thymeleaf-expression-processor-1.1.3.jar
7f4d60668000-7f4d6066e000 r--s 00043000 08:02 14682235                   /home/rahil78626/.m2/repository/nz/net/ultraq/thymeleaf/thymeleaf-layout-dialect/2.4.1/thymeleaf-layout-dialect-2.4.1.jar
7f4d6066e000-7f4d60675000 r--s 00045000 08:02 25039207                   /home/rahil78626/.m2/repository/org/yaml/snakeyaml/1.26/snakeyaml-1.26.jar
7f4d60675000-7f4d60678000 ---p 00000000 00:00 0 
7f4d60678000-7f4d60776000 rw-p 00000000 00:00 0 
7f4d60776000-7f4d60779000 ---p 00000000 00:00 0 
7f4d60779000-7f4d60877000 rw-p 00000000 00:00 0 
7f4d60877000-7f4d6087a000 ---p 00000000 00:00 0 
7f4d6087a000-7f4d60978000 rw-p 00000000 00:00 0 
7f4d60978000-7f4d6097c000 r-xp 00000000 08:02 17960593                   /home/rahil78626/jdk1.8.0_261/jre/lib/amd64/libdt_socket.so
7f4d6097c000-7f4d60b7b000 ---p 00004000 08:02 17960593                   /home/rahil78626/jdk1.8.0_261/jre/lib/amd64/libdt_socket.so
7f4d60b7b000-7f4d60b7c000 r--p 00003000 08:02 17960593                   /home/rahil78626/jdk1.8.0_261/jre/lib/amd64/libdt_socket.so
7f4d60b7c000-7f4d60b7d000 rw-p 00004000 08:02 17960593                   /home/rahil78626/jdk1.8.0_261/jre/lib/amd64/libdt_socket.so
7f4d60b7d000-7f4d60b80000 ---p 00000000 00:00 0 
7f4d60b80000-7f4d60c7e000 rw-p 00000000 00:00 0 
7f4d60c7e000-7f4d60c81000 ---p 00000000 00:00 0 
7f4d60c81000-7f4d60d7f000 rw-p 00000000 00:00 0 
7f4d60d7f000-7f4d60d82000 ---p 00000000 00:00 0 
7f4d60d82000-7f4d60e80000 rw-p 00000000 00:00 0 
7f4d60e80000-7f4d60e81000 ---p 00000000 00:00 0 
7f4d60e81000-7f4d62aec000 rw-p 00000000 00:00 0 
7f4d62aec000-7f4d62cc8000 r--s 03e04000 08:02 13242824                   /home/rahil78626/jdk1.8.0_261/jre/lib/rt.jar
7f4d62cc8000-7f4d63d04000 rw-p 00000000 00:00 0 
7f4d63d04000-7f4d63d05000 ---p 00000000 00:00 0 
7f4d63d05000-7f4d63e05000 rw-p 00000000 00:00 0 
7f4d63e05000-7f4d63e06000 ---p 00000000 00:00 0 
7f4d63e06000-7f4d63f06000 rw-p 00000000 00:00 0 
7f4d63f06000-7f4d63f07000 ---p 00000000 00:00 0 
7f4d63f07000-7f4d64007000 rw-p 00000000 00:00 0 
7f4d64007000-7f4d64008000 ---p 00000000 00:00 0 
7f4d64008000-7f4d64108000 rw-p 00000000 00:00 0 
7f4d64108000-7f4d64109000 ---p 00000000 00:00 0 
7f4d64109000-7f4d64209000 rw-p 00000000 00:00 0 
7f4d64209000-7f4d6420a000 ---p 00000000 00:00 0 
7f4d6420a000-7f4d64358000 rw-p 00000000 00:00 0 
7f4d64358000-7f4d64839000 ---p 00000000 00:00 0 
7f4d64839000-7f4d64887000 rw-p 00000000 00:00 0 
7f4d64887000-7f4d64d67000 ---p 00000000 00:00 0 
7f4d64d67000-7f4d64dfd000 rw-p 00000000 00:00 0 
7f4d64dfd000-7f4d64fff000 ---p 00000000 00:00 0 
7f4d64fff000-7f4d65000000 rw-p 00000000 00:00 0 
7f4d65000000-7f4d66070000 rwxp 00000000 00:00 0 
7f4d66070000-7f4d74000000 ---p 00000000 00:00 0 
7f4d74000000-7f4d74a99000 rw-p 00000000 00:00 0 
7f4d74a99000-7f4d78000000 ---p 00000000 00:00 0 
7f4d78000000-7f4d78001000 r--s 00009000 08:02 25039211                   /home/rahil78626/.m2/repository/org/thymeleaf/extras/thymeleaf-extras-java8time/3.0.4.RELEASE/thymeleaf-extras-java8time-3.0.4.RELEASE.jar
7f4d78001000-7f4d78005000 r--s 00028000 08:02 2099523                    /home/rahil78626/.m2/repository/org/thymeleaf/thymeleaf-spring5/3.0.12.RELEASE/thymeleaf-spring5-3.0.12.RELEASE.jar
7f4d78005000-7f4d78007000 r--s 00005000 08:02 25039205                   /home/rahil78626/.m2/repository/jakarta/annotation/jakarta.annotation-api/1.3.5/jakarta.annotation-api-1.3.5.jar
7f4d78007000-7f4d78009000 r--s 00000000 08:02 25039203                   /home/rahil78626/.m2/repository/org/slf4j/jul-to-slf4j/1.7.30/jul-to-slf4j-1.7.30.jar
7f4d78009000-7f4d7800f000 r--s 00042000 08:02 25039201                   /home/rahil78626/.m2/repository/org/apache/logging/log4j/log4j-api/2.13.3/log4j-api-2.13.3.jar
7f4d7800f000-7f4d78011000 r--s 00003000 08:02 25039199                   /home/rahil78626/.m2/repository/org/apache/logging/log4j/log4j-to-slf4j/2.13.3/log4j-to-slf4j-2.13.3.jar
7f4d78011000-7f4d7801c000 r--s 00069000 08:02 25039198                   /home/rahil78626/.m2/repository/ch/qos/logback/logback-core/1.2.3/logback-core-1.2.3.jar
7f4d7801c000-7f4d78022000 r--s 00041000 08:02 25039197                   /home/rahil78626/.m2/repository/ch/qos/logback/logback-classic/1.2.3/logback-classic-1.2.3.jar
7f4d78022000-7f4d78023000 r--s 00001000 08:02 22815402                   /home/rahil78626/.m2/repository/org/springframework/boot/spring-boot-starter-logging/2.3.12.RELEASE/spring-boot-starter-logging-2.3.12.RELEASE.jar
7f4d78023000-7f4d78024000 r--s 00001000 08:02 22419181                   /home/rahil78626/.m2/repository/org/springframework/boot/spring-boot-starter/2.3.12.RELEASE/spring-boot-starter-2.3.12.RELEASE.jar
7f4d78024000-7f4d78025000 r--s 00001000 08:02 25169234                   /home/rahil78626/.m2/repository/org/springframework/boot/spring-boot-starter-thymeleaf/2.3.12.RELEASE/spring-boot-starter-thymeleaf-2.3.12.RELEASE.jar
7f4d78025000-7f4d78027000 r--s 0000a000 08:02 23077645                   /home/rahil78626/.m2/repository/org/springframework/spring-aspects/5.2.15.RELEASE/spring-aspects-5.2.15.RELEASE.jar
7f4d78027000-7f4d7802d000 r--s 00023000 08:02 2100132                    /home/rahil78626/.m2/repository/jakarta/persistence/jakarta.persistence-api/2.2.3/jakarta.persistence-api-2.2.3.jar
7f4d7802d000-7f4d7802e000 r--s 00003000 08:02 2100134                    /home/rahil78626/.m2/repository/jakarta/transaction/jakarta.transaction-api/1.3.3/jakarta.transaction-api-1.3.3.jar
7f4d7802e000-7f4d78032000 r--s 00023000 08:02 25039163                   /home/rahil78626/.m2/repository/com/zaxxer/HikariCP/3.4.5/HikariCP-3.4.5.jar
7f4d78032000-7f4d7804b000 r--s 001dc000 08:02 2099531                    /home/rahil78626/.m2/repository/org/aspectj/aspectjweaver/1.9.6/aspectjweaver-1.9.6.jar
7f4d7804b000-7f4d780f4000 rw-p 00000000 00:00 0 
7f4d780f4000-7f4d780f5000 ---p 00000000 00:00 0 
7f4d780f5000-7f4d781f5000 rw-p 00000000 00:00 0 
7f4d781f5000-7f4d781f6000 ---p 00000000 00:00 0 
7f4d781f6000-7f4d78338000 rw-p 00000000 00:00 0 
7f4d78338000-7f4d786b6000 ---p 00000000 00:00 0 
7f4d786b6000-7f4d786d1000 r-xp 00000000 08:02 17960580                   /home/rahil78626/jdk1.8.0_261/jre/lib/amd64/libzip.so
7f4d786d1000-7f4d788d0000 ---p 0001b000 08:02 17960580                   /home/rahil78626/jdk1.8.0_261/jre/lib/amd64/libzip.so
7f4d788d0000-7f4d788d1000 r--p 0001a000 08:02 17960580                   /home/rahil78626/jdk1.8.0_261/jre/lib/amd64/libzip.so
7f4d788d1000-7f4d788d2000 rw-p 0001b000 08:02 17960580                   /home/rahil78626/jdk1.8.0_261/jre/lib/amd64/libzip.so
7f4d788d2000-7f4d788dc000 r-xp 00000000 08:02 17960509                   /home/rahil78626/jdk1.8.0_261/jre/lib/amd64/libinstrument.so
7f4d788dc000-7f4d78adb000 ---p 0000a000 08:02 17960509                   /home/rahil78626/jdk1.8.0_261/jre/lib/amd64/libinstrument.so
7f4d78adb000-7f4d78adc000 r--p 00009000 08:02 17960509                   /home/rahil78626/jdk1.8.0_261/jre/lib/amd64/libinstrument.so
7f4d78adc000-7f4d78add000 rw-p 0000a000 08:02 17960509                   /home/rahil78626/jdk1.8.0_261/jre/lib/amd64/libinstrument.so
7f4d78add000-7f4d7904d000 r--p 00000000 08:02 16909145                   /usr/lib/locale/locale-archive
7f4d7904d000-7f4d7904f000 r-xp 00000000 08:02 17960502                   /home/rahil78626/jdk1.8.0_261/jre/lib/amd64/libnpt.so
7f4d7904f000-7f4d7924f000 ---p 00002000 08:02 17960502                   /home/rahil78626/jdk1.8.0_261/jre/lib/amd64/libnpt.so
7f4d7924f000-7f4d79250000 r--p 00002000 08:02 17960502                   /home/rahil78626/jdk1.8.0_261/jre/lib/amd64/libnpt.so
7f4d79250000-7f4d79251000 rw-p 00003000 08:02 17960502                   /home/rahil78626/jdk1.8.0_261/jre/lib/amd64/libnpt.so
7f4d79251000-7f4d7928b000 r-xp 00000000 08:02 17960616                   /home/rahil78626/jdk1.8.0_261/jre/lib/amd64/libjdwp.so
7f4d7928b000-7f4d7948a000 ---p 0003a000 08:02 17960616                   /home/rahil78626/jdk1.8.0_261/jre/lib/amd64/libjdwp.so
7f4d7948a000-7f4d7948b000 r--p 00039000 08:02 17960616                   /home/rahil78626/jdk1.8.0_261/jre/lib/amd64/libjdwp.so
7f4d7948b000-7f4d7948c000 rw-p 0003a000 08:02 17960616                   /home/rahil78626/jdk1.8.0_261/jre/lib/amd64/libjdwp.so
7f4d7948c000-7f4d794b8000 r-xp 00000000 08:02 17960591                   /home/rahil78626/jdk1.8.0_261/jre/lib/amd64/libjava.so
7f4d794b8000-7f4d796b8000 ---p 0002c000 08:02 17960591                   /home/rahil78626/jdk1.8.0_261/jre/lib/amd64/libjava.so
7f4d796b8000-7f4d796b9000 r--p 0002c000 08:02 17960591                   /home/rahil78626/jdk1.8.0_261/jre/lib/amd64/libjava.so
7f4d796b9000-7f4d796bb000 rw-p 0002d000 08:02 17960591                   /home/rahil78626/jdk1.8.0_261/jre/lib/amd64/libjava.so
7f4d796bb000-7f4d796c8000 r-xp 00000000 08:02 17960592                   /home/rahil78626/jdk1.8.0_261/jre/lib/amd64/libverify.so
7f4d796c8000-7f4d798c7000 ---p 0000d000 08:02 17960592                   /home/rahil78626/jdk1.8.0_261/jre/lib/amd64/libverify.so
7f4d798c7000-7f4d798c9000 r--p 0000c000 08:02 17960592                   /home/rahil78626/jdk1.8.0_261/jre/lib/amd64/libverify.so
7f4d798c9000-7f4d798ca000 rw-p 0000e000 08:02 17960592                   /home/rahil78626/jdk1.8.0_261/jre/lib/amd64/libverify.so
7f4d798ca000-7f4d798cd000 r--p 00000000 08:02 16910484                   /usr/lib/x86_64-linux-gnu/librt-2.31.so
7f4d798cd000-7f4d798d1000 r-xp 00003000 08:02 16910484                   /usr/lib/x86_64-linux-gnu/librt-2.31.so
7f4d798d1000-7f4d798d2000 r--p 00007000 08:02 16910484                   /usr/lib/x86_64-linux-gnu/librt-2.31.so
7f4d798d2000-7f4d798d3000 ---p 00008000 08:02 16910484                   /usr/lib/x86_64-linux-gnu/librt-2.31.so
7f4d798d3000-7f4d798d4000 r--p 00008000 08:02 16910484                   /usr/lib/x86_64-linux-gnu/librt-2.31.so
7f4d798d4000-7f4d798d5000 rw-p 00009000 08:02 16910484                   /usr/lib/x86_64-linux-gnu/librt-2.31.so
7f4d798d5000-7f4d798d6000 ---p 00000000 00:00 0 
7f4d798d6000-7f4d798d9000 ---p 00000000 00:00 0 
7f4d798d9000-7f4d799d6000 rw-p 00000000 00:00 0 
7f4d799d6000-7f4d799e5000 r--p 00000000 08:02 16910471                   /usr/lib/x86_64-linux-gnu/libm-2.31.so
7f4d799e5000-7f4d79a8c000 r-xp 0000f000 08:02 16910471                   /usr/lib/x86_64-linux-gnu/libm-2.31.so
7f4d79a8c000-7f4d79b23000 r--p 000b6000 08:02 16910471                   /usr/lib/x86_64-linux-gnu/libm-2.31.so
7f4d79b23000-7f4d79b24000 r--p 0014c000 08:02 16910471                   /usr/lib/x86_64-linux-gnu/libm-2.31.so
7f4d79b24000-7f4d79b25000 rw-p 0014d000 08:02 16910471                   /usr/lib/x86_64-linux-gnu/libm-2.31.so
7f4d79b25000-7f4d7a819000 r-xp 00000000 08:02 17960505                   /home/rahil78626/jdk1.8.0_261/jre/lib/amd64/server/libjvm.so
7f4d7a819000-7f4d7aa18000 ---p 00cf4000 08:02 17960505                   /home/rahil78626/jdk1.8.0_261/jre/lib/amd64/server/libjvm.so
7f4d7aa18000-7f4d7aaae000 r--p 00cf3000 08:02 17960505                   /home/rahil78626/jdk1.8.0_261/jre/lib/amd64/server/libjvm.so
7f4d7aaae000-7f4d7aadf000 rw-p 00d89000 08:02 17960505                   /home/rahil78626/jdk1.8.0_261/jre/lib/amd64/server/libjvm.so
7f4d7aadf000-7f4d7ab1c000 rw-p 00000000 00:00 0 
7f4d7ab1c000-7f4d7ab41000 r--p 00000000 08:02 16910469                   /usr/lib/x86_64-linux-gnu/libc-2.31.so
7f4d7ab41000-7f4d7acb9000 r-xp 00025000 08:02 16910469                   /usr/lib/x86_64-linux-gnu/libc-2.31.so
7f4d7acb9000-7f4d7ad03000 r--p 0019d000 08:02 16910469                   /usr/lib/x86_64-linux-gnu/libc-2.31.so
7f4d7ad03000-7f4d7ad04000 ---p 001e7000 08:02 16910469                   /usr/lib/x86_64-linux-gnu/libc-2.31.so
7f4d7ad04000-7f4d7ad07000 r--p 001e7000 08:02 16910469                   /usr/lib/x86_64-linux-gnu/libc-2.31.so
7f4d7ad07000-7f4d7ad0a000 rw-p 001ea000 08:02 16910469                   /usr/lib/x86_64-linux-gnu/libc-2.31.so
7f4d7ad0a000-7f4d7ad0e000 rw-p 00000000 00:00 0 
7f4d7ad0e000-7f4d7ad0f000 r--p 00000000 08:02 16910470                   /usr/lib/x86_64-linux-gnu/libdl-2.31.so
7f4d7ad0f000-7f4d7ad11000 r-xp 00001000 08:02 16910470                   /usr/lib/x86_64-linux-gnu/libdl-2.31.so
7f4d7ad11000-7f4d7ad12000 r--p 00003000 08:02 16910470                   /usr/lib/x86_64-linux-gnu/libdl-2.31.so
7f4d7ad12000-7f4d7ad13000 r--p 00003000 08:02 16910470                   /usr/lib/x86_64-linux-gnu/libdl-2.31.so
7f4d7ad13000-7f4d7ad14000 rw-p 00004000 08:02 16910470                   /usr/lib/x86_64-linux-gnu/libdl-2.31.so
7f4d7ad14000-7f4d7ad2b000 r-xp 00000000 08:02 17960724                   /home/rahil78626/jdk1.8.0_261/lib/amd64/jli/libjli.so
7f4d7ad2b000-7f4d7af2a000 ---p 00017000 08:02 17960724                   /home/rahil78626/jdk1.8.0_261/lib/amd64/jli/libjli.so
7f4d7af2a000-7f4d7af2b000 r--p 00016000 08:02 17960724                   /home/rahil78626/jdk1.8.0_261/lib/amd64/jli/libjli.so
7f4d7af2b000-7f4d7af2c000 rw-p 00017000 08:02 17960724                   /home/rahil78626/jdk1.8.0_261/lib/amd64/jli/libjli.so
7f4d7af2c000-7f4d7af33000 r--p 00000000 08:02 16910482                   /usr/lib/x86_64-linux-gnu/libpthread-2.31.so
7f4d7af33000-7f4d7af44000 r-xp 00007000 08:02 16910482                   /usr/lib/x86_64-linux-gnu/libpthread-2.31.so
7f4d7af44000-7f4d7af49000 r--p 00018000 08:02 16910482                   /usr/lib/x86_64-linux-gnu/libpthread-2.31.so
7f4d7af49000-7f4d7af4a000 r--p 0001c000 08:02 16910482                   /usr/lib/x86_64-linux-gnu/libpthread-2.31.so
7f4d7af4a000-7f4d7af4b000 rw-p 0001d000 08:02 16910482                   /usr/lib/x86_64-linux-gnu/libpthread-2.31.so
7f4d7af4b000-7f4d7af4f000 rw-p 00000000 00:00 0 
7f4d7af4f000-7f4d7af50000 r--s 00001000 08:02 22815400                   /home/rahil78626/.m2/repository/org/springframework/boot/spring-boot-starter-jdbc/2.3.12.RELEASE/spring-boot-starter-jdbc-2.3.12.RELEASE.jar
7f4d7af50000-7f4d7af51000 r--s 00001000 08:02 22419178                   /home/rahil78626/.m2/repository/org/springframework/boot/spring-boot-starter-aop/2.3.12.RELEASE/spring-boot-starter-aop-2.3.12.RELEASE.jar
7f4d7af51000-7f4d7af52000 r--s 00001000 08:02 22419177                   /home/rahil78626/.m2/repository/org/springframework/boot/spring-boot-starter-data-jpa/2.3.12.RELEASE/spring-boot-starter-data-jpa-2.3.12.RELEASE.jar
7f4d7af52000-7f4d7af5a000 rw-s 00000000 08:02 5113982                    /tmp/hsperfdata_rahil78626/345595
7f4d7af5a000-7f4d7af5d000 r--p 00000000 08:02 16910477                   /usr/lib/x86_64-linux-gnu/libnss_files-2.31.so
7f4d7af5d000-7f4d7af64000 r-xp 00003000 08:02 16910477                   /usr/lib/x86_64-linux-gnu/libnss_files-2.31.so
7f4d7af64000-7f4d7af66000 r--p 0000a000 08:02 16910477                   /usr/lib/x86_64-linux-gnu/libnss_files-2.31.so
7f4d7af66000-7f4d7af67000 r--p 0000b000 08:02 16910477                   /usr/lib/x86_64-linux-gnu/libnss_files-2.31.so
7f4d7af67000-7f4d7af68000 rw-p 0000c000 08:02 16910477                   /usr/lib/x86_64-linux-gnu/libnss_files-2.31.so
7f4d7af68000-7f4d7af71000 rw-p 00000000 00:00 0 
7f4d7af71000-7f4d7af72000 r--p 00000000 08:02 16910464                   /usr/lib/x86_64-linux-gnu/ld-2.31.so
7f4d7af72000-7f4d7af95000 r-xp 00001000 08:02 16910464                   /usr/lib/x86_64-linux-gnu/ld-2.31.so
7f4d7af95000-7f4d7af9d000 r--p 00024000 08:02 16910464                   /usr/lib/x86_64-linux-gnu/ld-2.31.so
7f4d7af9d000-7f4d7af9e000 ---p 00000000 00:00 0 
7f4d7af9e000-7f4d7af9f000 r--p 0002c000 08:02 16910464                   /usr/lib/x86_64-linux-gnu/ld-2.31.so
7f4d7af9f000-7f4d7afa0000 rw-p 0002d000 08:02 16910464                   /usr/lib/x86_64-linux-gnu/ld-2.31.so
7f4d7afa0000-7f4d7afa1000 rw-p 00000000 00:00 0 
7ffdd8dfa000-7ffdd8e1e000 rw-p 00000000 00:00 0                          [stack]
7ffdd8f89000-7ffdd8f8c000 r--p 00000000 00:00 0                          [vvar]
7ffdd8f8c000-7ffdd8f8d000 r-xp 00000000 00:00 0                          [vdso]
ffffffffff600000-ffffffffff601000 --xp 00000000 00:00 0                  [vsyscall]

VM Arguments:
jvm_args: -agentlib:jdwp=transport=dt_socket,suspend=y,address=localhost:44947 -javaagent:/home/rahil78626/Downloads/eclipse/configuration/org.eclipse.osgi/406/0/.cp/lib/javaagent-shaded.jar -Dfile.encoding=UTF-8 
java_command: com.springcar.app.SpringCarApplication
java_class_path (initial): /home/rahil78626/car_dealer/sample_cart/SpringCar_FP/target/classes:/home/rahil78626/.m2/repository/org/springframework/boot/spring-boot-starter-data-jpa/2.3.12.RELEASE/spring-boot-starter-data-jpa-2.3.12.RELEASE.jar:/home/rahil78626/.m2/repository/org/springframework/boot/spring-boot-starter-aop/2.3.12.RELEASE/spring-boot-starter-aop-2.3.12.RELEASE.jar:/home/rahil78626/.m2/repository/org/aspectj/aspectjweaver/1.9.6/aspectjweaver-1.9.6.jar:/home/rahil78626/.m2/repository/org/springframework/boot/spring-boot-starter-jdbc/2.3.12.RELEASE/spring-boot-starter-jdbc-2.3.12.RELEASE.jar:/home/rahil78626/.m2/repository/com/zaxxer/HikariCP/3.4.5/HikariCP-3.4.5.jar:/home/rahil78626/.m2/repository/jakarta/transaction/jakarta.transaction-api/1.3.3/jakarta.transaction-api-1.3.3.jar:/home/rahil78626/.m2/repository/jakarta/persistence/jakarta.persistence-api/2.2.3/jakarta.persistence-api-2.2.3.jar:/home/rahil78626/.m2/repository/org/springframework/spring-aspects/5.2.15.RELEASE/spring-aspects-5.2.15.RELEASE.jar:/home/rahil78626/.m2/repository/org/springframework/boot/spring-boot-starter-thymeleaf/2.3.12.RELEASE/spring-boot-starter-thymeleaf-2.3.12.RELEASE.jar:/home/rahil78626/.m2/repository/org/springframework/boot/spring-boot-starter/2.3.12.RELEASE/spring-boot-starter-2.3.12.RELEASE.jar:/home/rahil78626/.m2/repository/org/springframework/boot/spring-boot-starter-logging/2.3.12.RELEASE/spring-boot-starter-logging-2.3.12.RELEASE.jar:/home/rahil78626/.m2/repository/ch/qos/logback/logback-classic/1.2.3/logback-classic-1.2.3.jar:/home/rahil78626/.m2/repository/ch/qos/logback/logback-core/1.2.3/logback-core-1.2.3.jar:/home/rahil78626/.m2/repository/org/apache/logging/log4j/log4j-to-slf4j/2.13.3/log4j-to-slf4j-2.13.3.jar:/home/rahil78626/.m2/repository/org/apache/logging/log4j/log4j-api/2.13.3/log4j-api-2.13.3.jar:/home/rahil78626/.m2/repository/org/slf4j/jul-to-slf4j/1.7.30/jul-to-slf4j-1.7.30.jar:/home/rahil78626/.m2/repository/jakarta/annotation/jakarta.ann
Launcher Type: SUN_STANDARD

Environment Variables:
JAVA_HOME=/home/rahil78626/jdk1.8.0_261/
PATH=/usr/local/cuda/bin:/home/rahil78626/anaconda3/bin:/home/rahil78626/anaconda3/condabin:/usr/local/cuda/bin:/home/rahil78626/.cargo/bin:/home/rahil78626/.local/bin:/usr/local/sbin:/usr/local/bin:/usr/sbin:/usr/bin:/sbin:/bin:/usr/games:/usr/local/games:/snap/bin:/home/rahil78626/jdk1.8.0_261//bin:/home/rahil78626/apache-maven-3.2.3//bin
USERNAME=rahil78626
LD_LIBRARY_PATH=/usr/local/cuda/lib64:/usr/local/cuda/lib64:
SHELL=/bin/bash
DISPLAY=:0

Signal Handlers:
SIGSEGV: [libjvm.so+0xade140], sa_mask[0]=11111111011111111101111111111110, sa_flags=SA_RESTART|SA_SIGINFO
SIGBUS: [libjvm.so+0xade140], sa_mask[0]=11111111011111111101111111111110, sa_flags=SA_RESTART|SA_SIGINFO
SIGFPE: [libjvm.so+0x912c70], sa_mask[0]=11111111011111111101111111111110, sa_flags=SA_RESTART|SA_SIGINFO
SIGPIPE: [libjvm.so+0x912c70], sa_mask[0]=11111111011111111101111111111110, sa_flags=SA_RESTART|SA_SIGINFO
SIGXFSZ: [libjvm.so+0x912c70], sa_mask[0]=11111111011111111101111111111110, sa_flags=SA_RESTART|SA_SIGINFO
SIGILL: [libjvm.so+0x912c70], sa_mask[0]=11111111011111111101111111111110, sa_flags=SA_RESTART|SA_SIGINFO
SIGUSR1: SIG_DFL, sa_mask[0]=00000000000000000000000000000000, sa_flags=none
SIGUSR2: [libjvm.so+0x912b40], sa_mask[0]=00100000000000000000000000000000, sa_flags=SA_RESTART|SA_SIGINFO
SIGHUP: [libjvm.so+0x913160], sa_mask[0]=11111111011111111101111111111110, sa_flags=SA_RESTART|SA_SIGINFO
SIGINT: [libjvm.so+0x913160], sa_mask[0]=11111111011111111101111111111110, sa_flags=SA_RESTART|SA_SIGINFO
SIGTERM: [libjvm.so+0x913160], sa_mask[0]=11111111011111111101111111111110, sa_flags=SA_RESTART|SA_SIGINFO
SIGQUIT: [libjvm.so+0x913160], sa_mask[0]=11111111011111111101111111111110, sa_flags=SA_RESTART|SA_SIGINFO


---------------  S Y S T E M  ---------------

OS:DISTRIB_ID=Ubuntu
DISTRIB_RELEASE=20.04
DISTRIB_CODENAME=focal
DISTRIB_DESCRIPTION="Ubuntu 20.04.2 LTS"

uname:Linux 5.4.0-31-generic #35-Ubuntu SMP Thu May 7 20:20:34 UTC 2020 x86_64
libc:glibc 2.31 NPTL 2.31 
rlimit: STACK 8192k, CORE 0k, NPROC 63449, NOFILE 1048576, AS infinity
load average:8.37 7.70 7.27

/proc/meminfo:
MemTotal:       16299760 kB
MemFree:         4410436 kB
MemAvailable:    7725616 kB
Buffers:          324644 kB
Cached:          3568984 kB
SwapCached:            0 kB
Active:          8625564 kB
Inactive:        2173972 kB
Active(anon):    7219428 kB
Inactive(anon):   232616 kB
Active(file):    1406136 kB
Inactive(file):  1941356 kB
Unevictable:      370284 kB
Mlocked:             304 kB
SwapTotal:       2097148 kB
SwapFree:        2097148 kB
Dirty:               332 kB
Writeback:             0 kB
AnonPages:       7276320 kB
Mapped:           780232 kB
Shmem:            608484 kB
KReclaimable:     304628 kB
Slab:             511696 kB
SReclaimable:     304628 kB
SUnreclaim:       207068 kB
KernelStack:       25232 kB
PageTables:        67968 kB
NFS_Unstable:          0 kB
Bounce:                0 kB
WritebackTmp:          0 kB
CommitLimit:    10247028 kB
Committed_AS:   20686880 kB
VmallocTotal:   34359738367 kB
VmallocUsed:       78900 kB
VmallocChunk:          0 kB
Percpu:             7104 kB
HardwareCorrupted:     0 kB
AnonHugePages:         0 kB
ShmemHugePages:        0 kB
ShmemPmdMapped:        0 kB
FileHugePages:         0 kB
FilePmdMapped:         0 kB
CmaTotal:              0 kB
CmaFree:               0 kB
HugePages_Total:       0
HugePages_Free:        0
HugePages_Rsvd:        0
HugePages_Surp:        0
Hugepagesize:       2048 kB
Hugetlb:               0 kB
DirectMap4k:      554660 kB
DirectMap2M:    14028800 kB
DirectMap1G:     2097152 kB

container (cgroup) information:
container_type: cgroupv1
cpu_cpuset_cpus: 0-7
cpu_memory_nodes: 0
active_processor_count: 8
cpu_quota: -1
cpu_period: 100000
cpu_shares: -1
memory_limit_in_bytes: -1
memory_and_swap_limit_in_bytes: -2
memory_soft_limit_in_bytes: -1
memory_usage_in_bytes: 9900126208
memory_max_usage_in_bytes: 10249875456


CPU:total 8 (initial active 8) (4 cores per cpu, 2 threads per core) family 6 model 60 stepping 3, cmov, cx8, fxsr, mmx, sse, sse2, sse3, ssse3, sse4.1, sse4.2, popcnt, avx, avx2, aes, clmul, erms, lzcnt, ht, tsc, tscinvbit, bmi1, bmi2

/proc/cpuinfo:
processor	: 0
vendor_id	: GenuineIntel
cpu family	: 6
model		: 60
model name	: Intel(R) Core(TM) i7-4810MQ CPU @ 2.80GHz
stepping	: 3
microcode	: 0x28
cpu MHz		: 601.276
cache size	: 6144 KB
physical id	: 0
siblings	: 8
core id		: 0
cpu cores	: 4
apicid		: 0
initial apicid	: 0
fpu		: yes
fpu_exception	: yes
cpuid level	: 13
wp		: yes
flags		: fpu vme de pse tsc msr pae mce cx8 apic sep mtrr pge mca cmov pat pse36 clflush dts acpi mmx fxsr sse sse2 ss ht tm pbe syscall nx pdpe1gb rdtscp lm constant_tsc arch_perfmon pebs bts rep_good nopl xtopology nonstop_tsc cpuid aperfmperf pni pclmulqdq dtes64 monitor ds_cpl vmx smx est tm2 ssse3 sdbg fma cx16 xtpr pdcm pcid sse4_1 sse4_2 x2apic movbe popcnt tsc_deadline_timer aes xsave avx f16c rdrand lahf_lm abm cpuid_fault epb invpcid_single pti ssbd ibrs ibpb stibp tpr_shadow vnmi flexpriority ept vpid ept_ad fsgsbase tsc_adjust bmi1 avx2 smep bmi2 erms invpcid xsaveopt dtherm ida arat pln pts md_clear flush_l1d
bugs		: cpu_meltdown spectre_v1 spectre_v2 spec_store_bypass l1tf mds swapgs itlb_multihit
bogomips	: 5586.74
clflush size	: 64
cache_alignment	: 64
address sizes	: 39 bits physical, 48 bits virtual
power management:

processor	: 1
vendor_id	: GenuineIntel
cpu family	: 6
model		: 60
model name	: Intel(R) Core(TM) i7-4810MQ CPU @ 2.80GHz
stepping	: 3
microcode	: 0x28
cpu MHz		: 605.866
cache size	: 6144 KB
physical id	: 0
siblings	: 8
core id		: 1
cpu cores	: 4
apicid		: 2
initial apicid	: 2
fpu		: yes
fpu_exception	: yes
cpuid level	: 13
wp		: yes
flags		: fpu vme de pse tsc msr pae mce cx8 apic sep mtrr pge mca cmov pat pse36 clflush dts acpi mmx fxsr sse sse2 ss ht tm pbe syscall nx pdpe1gb rdtscp lm constant_tsc arch_perfmon pebs bts rep_good nopl xtopology nonstop_tsc cpuid aperfmperf pni pclmulqdq dtes64 monitor ds_cpl vmx smx est tm2 ssse3 sdbg fma cx16 xtpr pdcm pcid sse4_1 sse4_2 x2apic movbe popcnt tsc_deadline_timer aes xsave avx f16c rdrand lahf_lm abm cpuid_fault epb invpcid_single pti ssbd ibrs ibpb stibp tpr_shadow vnmi flexpriority ept vpid ept_ad fsgsbase tsc_adjust bmi1 avx2 smep bmi2 erms invpcid xsaveopt dtherm ida arat pln pts md_clear flush_l1d
bugs		: cpu_meltdown spectre_v1 spectre_v2 spec_store_bypass l1tf mds swapgs itlb_multihit
bogomips	: 5586.74
clflush size	: 64
cache_alignment	: 64
address sizes	: 39 bits physical, 48 bits virtual
power management:

processor	: 2
vendor_id	: GenuineIntel
cpu family	: 6
model		: 60
model name	: Intel(R) Core(TM) i7-4810MQ CPU @ 2.80GHz
stepping	: 3
microcode	: 0x28
cpu MHz		: 606.191
cache size	: 6144 KB
physical id	: 0
siblings	: 8
core id		: 2
cpu cores	: 4
apicid		: 4
initial apicid	: 4
fpu		: yes
fpu_exception	: yes
cpuid level	: 13
wp		: yes
flags		: fpu vme de pse tsc msr pae mce cx8 apic sep mtrr pge mca cmov pat pse36 clflush dts acpi mmx fxsr sse sse2 ss ht tm pbe syscall nx pdpe1gb rdtscp lm constant_tsc arch_perfmon pebs bts rep_good nopl xtopology nonstop_tsc cpuid aperfmperf pni pclmulqdq dtes64 monitor ds_cpl vmx smx est tm2 ssse3 sdbg fma cx16 xtpr pdcm pcid sse4_1 sse4_2 x2apic movbe popcnt tsc_deadline_timer aes xsave avx f16c rdrand lahf_lm abm cpuid_fault epb invpcid_single pti ssbd ibrs ibpb stibp tpr_shadow vnmi flexpriority ept vpid ept_ad fsgsbase tsc_adjust bmi1 avx2 smep bmi2 erms invpcid xsaveopt dtherm ida arat pln pts md_clear flush_l1d
bugs		: cpu_meltdown spectre_v1 spectre_v2 spec_store_bypass l1tf mds swapgs itlb_multihit
bogomips	: 5586.74
clflush size	: 64
cache_alignment	: 64
address sizes	: 39 bits physical, 48 bits virtual
power management:

processor	: 3
vendor_id	: GenuineIntel
cpu family	: 6
model		: 60
model name	: Intel(R) Core(TM) i7-4810MQ CPU @ 2.80GHz
stepping	: 3
microcode	: 0x28
cpu MHz		: 607.123
cache size	: 6144 KB
physical id	: 0
siblings	: 8
core id		: 3
cpu cores	: 4
apicid		: 6
initial apicid	: 6
fpu		: yes
fpu_exception	: yes
cpuid level	: 13
wp		: yes
flags		: fpu vme de pse tsc msr pae mce cx8 apic sep mtrr pge mca cmov pat pse36 clflush dts acpi mmx fxsr sse sse2 ss ht tm pbe syscall nx pdpe1gb rdtscp lm constant_tsc arch_perfmon pebs bts rep_good nopl xtopology nonstop_tsc cpuid aperfmperf pni pclmulqdq dtes64 monitor ds_cpl vmx smx est tm2 ssse3 sdbg fma cx16 xtpr pdcm pcid sse4_1 sse4_2 x2apic movbe popcnt tsc_deadline_timer aes xsave avx f16c rdrand lahf_lm abm cpuid_fault epb invpcid_single pti ssbd ibrs ibpb stibp tpr_shadow vnmi flexpriority ept vpid ept_ad fsgsbase tsc_adjust bmi1 avx2 smep bmi2 erms invpcid xsaveopt dtherm ida arat pln pts md_clear flush_l1d
bugs		: cpu_meltdown spectre_v1 spectre_v2 spec_store_bypass l1tf mds swapgs itlb_multihit
bogomips	: 5586.74
clflush size	: 64
cache_alignment	: 64
address sizes	: 39 bits physical, 48 bits virtual
power management:

processor	: 4
vendor_id	: GenuineIntel
cpu family	: 6
model		: 60
model name	: Intel(R) Core(TM) i7-4810MQ CPU @ 2.80GHz
stepping	: 3
microcode	: 0x28
cpu MHz		: 589.326
cache size	: 6144 KB
physical id	: 0
siblings	: 8
core id		: 0
cpu cores	: 4
apicid		: 1
initial apicid	: 1
fpu		: yes
fpu_exception	: yes
cpuid level	: 13
wp		: yes
flags		: fpu vme de pse tsc msr pae mce cx8 apic sep mtrr pge mca cmov pat pse36 clflush dts acpi mmx fxsr sse sse2 ss ht tm pbe syscall nx pdpe1gb rdtscp lm constant_tsc arch_perfmon pebs bts rep_good nopl xtopology nonstop_tsc cpuid aperfmperf pni pclmulqdq dtes64 monitor ds_cpl vmx smx est tm2 ssse3 sdbg fma cx16 xtpr pdcm pcid sse4_1 sse4_2 x2apic movbe popcnt tsc_deadline_timer aes xsave avx f16c rdrand lahf_lm abm cpuid_fault epb invpcid_single pti ssbd ibrs ibpb stibp tpr_shadow vnmi flexpriority ept vpid ept_ad fsgsbase tsc_adjust bmi1 avx2 smep bmi2 erms invpcid xsaveopt dtherm ida arat pln pts md_clear flush_l1d
bugs		: cpu_meltdown spectre_v1 spectre_v2 spec_store_bypass l1tf mds swapgs itlb_multihit
bogomips	: 5586.74
clflush size	: 64
cache_alignment	: 64
address sizes	: 39 bits physical, 48 bits virtual
power management:

processor	: 5
vendor_id	: GenuineIntel
cpu family	: 6
model		: 60
model name	: Intel(R) Core(TM) i7-4810MQ CPU @ 2.80GHz
stepping	: 3
microcode	: 0x28
cpu MHz		: 589.814
cache size	: 6144 KB
physical id	: 0
siblings	: 8
core id		: 1
cpu cores	: 4
apicid		: 3
initial apicid	: 3
fpu		: yes
fpu_exception	: yes
cpuid level	: 13
wp		: yes
flags		: fpu vme de pse tsc msr pae mce cx8 apic sep mtrr pge mca cmov pat pse36 clflush dts acpi mmx fxsr sse sse2 ss ht tm pbe syscall nx pdpe1gb rdtscp lm constant_tsc arch_perfmon pebs bts rep_good nopl xtopology nonstop_tsc cpuid aperfmperf pni pclmulqdq dtes64 monitor ds_cpl vmx smx est tm2 ssse3 sdbg fma cx16 xtpr pdcm pcid sse4_1 sse4_2 x2apic movbe popcnt tsc_deadline_timer aes xsave avx f16c rdrand lahf_lm abm cpuid_fault epb invpcid_single pti ssbd ibrs ibpb stibp tpr_shadow vnmi flexpriority ept vpid ept_ad fsgsbase tsc_adjust bmi1 avx2 smep bmi2 erms invpcid xsaveopt dtherm ida arat pln pts md_clear flush_l1d
bugs		: cpu_meltdown spectre_v1 spectre_v2 spec_store_bypass l1tf mds swapgs itlb_multihit
bogomips	: 5586.74
clflush size	: 64
cache_alignment	: 64
address sizes	: 39 bits physical, 48 bits virtual
power management:

processor	: 6
vendor_id	: GenuineIntel
cpu family	: 6
model		: 60
model name	: Intel(R) Core(TM) i7-4810MQ CPU @ 2.80GHz
stepping	: 3
microcode	: 0x28
cpu MHz		: 585.058
cache size	: 6144 KB
physical id	: 0
siblings	: 8
core id		: 2
cpu cores	: 4
apicid		: 5
initial apicid	: 5
fpu		: yes
fpu_exception	: yes
cpuid level	: 13
wp		: yes
flags		: fpu vme de pse tsc msr pae mce cx8 apic sep mtrr pge mca cmov pat pse36 clflush dts acpi mmx fxsr sse sse2 ss ht tm pbe syscall nx pdpe1gb rdtscp lm constant_tsc arch_perfmon pebs bts rep_good nopl xtopology nonstop_tsc cpuid aperfmperf pni pclmulqdq dtes64 monitor ds_cpl vmx smx est tm2 ssse3 sdbg fma cx16 xtpr pdcm pcid sse4_1 sse4_2 x2apic movbe popcnt tsc_deadline_timer aes xsave avx f16c rdrand lahf_lm abm cpuid_fault epb invpcid_single pti ssbd ibrs ibpb stibp tpr_shadow vnmi flexpriority ept vpid ept_ad fsgsbase tsc_adjust bmi1 avx2 smep bmi2 erms invpcid xsaveopt dtherm ida arat pln pts md_clear flush_l1d
bugs		: cpu_meltdown spectre_v1 spectre_v2 spec_store_bypass l1tf mds swapgs itlb_multihit
bogomips	: 5586.74
clflush size	: 64
cache_alignment	: 64
address sizes	: 39 bits physical, 48 bits virtual
power management:

processor	: 7
vendor_id	: GenuineIntel
cpu family	: 6
model		: 60
model name	: Intel(R) Core(TM) i7-4810MQ CPU @ 2.80GHz
stepping	: 3
microcode	: 0x28
cpu MHz		: 584.660
cache size	: 6144 KB
physical id	: 0
siblings	: 8
core id		: 3
cpu cores	: 4
apicid		: 7
initial apicid	: 7
fpu		: yes
fpu_exception	: yes
cpuid level	: 13
wp		: yes
flags		: fpu vme de pse tsc msr pae mce cx8 apic sep mtrr pge mca cmov pat pse36 clflush dts acpi mmx fxsr sse sse2 ss ht tm pbe syscall nx pdpe1gb rdtscp lm constant_tsc arch_perfmon pebs bts rep_good nopl xtopology nonstop_tsc cpuid aperfmperf pni pclmulqdq dtes64 monitor ds_cpl vmx smx est tm2 ssse3 sdbg fma cx16 xtpr pdcm pcid sse4_1 sse4_2 x2apic movbe popcnt tsc_deadline_timer aes xsave avx f16c rdrand lahf_lm abm cpuid_fault epb invpcid_single pti ssbd ibrs ibpb stibp tpr_shadow vnmi flexpriority ept vpid ept_ad fsgsbase tsc_adjust bmi1 avx2 smep bmi2 erms invpcid xsaveopt dtherm ida arat pln pts md_clear flush_l1d
bugs		: cpu_meltdown spectre_v1 spectre_v2 spec_store_bypass l1tf mds swapgs itlb_multihit
bogomips	: 5586.74
clflush size	: 64
cache_alignment	: 64
address sizes	: 39 bits physical, 48 bits virtual
power management:



Memory: 4k page, physical 16299760k(4410436k free), swap 2097148k(2097148k free)

vm_info: Java HotSpot(TM) 64-Bit Server VM (25.261-b12) for linux-amd64 JRE (1.8.0_261-b12), built on Jun 17 2020 23:41:40 by "java_re" with gcc 7.3.0

time: Fri Jun 11 21:36:04 2021
timezone: IST
elapsed time: 38 seconds (0d 0h 0m 38s)

